{"meta": {"format": 3, "version": "7.9.1", "timestamp": "2025-09-13T16:31:54.127094", "branch_coverage": false, "show_contexts": false}, "files": {"unique_toolkit/__init__.py": {"executed_lines": [2, 3, 4, 5, 6, 12, 16], "summary": {"covered_lines": 7, "num_statements": 7, "percent_covered": 100.0, "percent_covered_display": "100.00", "missing_lines": 0, "excluded_lines": 0}, "missing_lines": [], "excluded_lines": [], "functions": {"": {"executed_lines": [2, 3, 4, 5, 6, 12, 16], "summary": {"covered_lines": 7, "num_statements": 7, "percent_covered": 100.0, "percent_covered_display": "100.00", "missing_lines": 0, "excluded_lines": 0}, "missing_lines": [], "excluded_lines": []}}, "classes": {"": {"executed_lines": [2, 3, 4, 5, 6, 12, 16], "summary": {"covered_lines": 7, "num_statements": 7, "percent_covered": 100.0, "percent_covered_display": "100.00", "missing_lines": 0, "excluded_lines": 0}, "missing_lines": [], "excluded_lines": []}}}, "unique_toolkit/_common/_base_service.py": {"executed_lines": [1, 2, 4, 7, 8], "summary": {"covered_lines": 5, "num_statements": 7, "percent_covered": 71.42857142857143, "percent_covered_display": "71.43", "missing_lines": 2, "excluded_lines": 0}, "missing_lines": [9, 10], "excluded_lines": [], "functions": {"BaseService.__init__": {"executed_lines": [], "summary": {"covered_lines": 0, "num_statements": 2, "percent_covered": 0.0, "percent_covered_display": "0.00", "missing_lines": 2, "excluded_lines": 0}, "missing_lines": [9, 10], "excluded_lines": []}, "": {"executed_lines": [1, 2, 4, 7, 8], "summary": {"covered_lines": 5, "num_statements": 5, "percent_covered": 100.0, "percent_covered_display": "100.00", "missing_lines": 0, "excluded_lines": 0}, "missing_lines": [], "excluded_lines": []}}, "classes": {"BaseService": {"executed_lines": [], "summary": {"covered_lines": 0, "num_statements": 2, "percent_covered": 0.0, "percent_covered_display": "0.00", "missing_lines": 2, "excluded_lines": 0}, "missing_lines": [9, 10], "excluded_lines": []}, "": {"executed_lines": [1, 2, 4, 7, 8], "summary": {"covered_lines": 5, "num_statements": 5, "percent_covered": 100.0, "percent_covered_display": "100.00", "missing_lines": 0, "excluded_lines": 0}, "missing_lines": [], "excluded_lines": []}}}, "unique_toolkit/_common/_time_utils.py": {"executed_lines": [1, 4], "summary": {"covered_lines": 2, "num_statements": 3, "percent_covered": 66.66666666666667, "percent_covered_display": "66.67", "missing_lines": 1, "excluded_lines": 0}, "missing_lines": [5], "excluded_lines": [], "functions": {"get_datetime_now": {"executed_lines": [], "summary": {"covered_lines": 0, "num_statements": 1, "percent_covered": 0.0, "percent_covered_display": "0.00", "missing_lines": 1, "excluded_lines": 0}, "missing_lines": [5], "excluded_lines": []}, "": {"executed_lines": [1, 4], "summary": {"covered_lines": 2, "num_statements": 2, "percent_covered": 100.0, "percent_covered_display": "100.00", "missing_lines": 0, "excluded_lines": 0}, "missing_lines": [], "excluded_lines": []}}, "classes": {"": {"executed_lines": [1, 4], "summary": {"covered_lines": 2, "num_statements": 3, "percent_covered": 66.66666666666667, "percent_covered_display": "66.67", "missing_lines": 1, "excluded_lines": 0}, "missing_lines": [5], "excluded_lines": []}}}, "unique_toolkit/_common/base_model_type_attribute.py": {"executed_lines": [1, 10, 11, 12, 14, 15, 16, 24, 25, 26, 27, 29, 31, 32, 34, 35, 38, 40, 41, 42, 43, 52, 54, 57, 58, 59, 60, 61, 63, 66, 67, 68, 69, 70, 71, 72, 73, 74, 78, 79, 80, 83, 87, 88, 89, 90, 91, 92, 93, 94, 95, 98, 99, 100, 101, 102, 105, 111, 112, 113, 114, 116, 118, 123, 126, 136, 137, 139, 140, 141, 143, 144, 145, 147, 150, 151, 152, 153, 161, 166, 169, 170, 171, 172, 175, 178, 181, 186, 195, 203, 205, 206, 207, 209, 210, 211, 212, 217, 218, 223, 225, 228], "summary": {"covered_lines": 101, "num_statements": 136, "percent_covered": 74.26470588235294, "percent_covered_display": "74.26", "missing_lines": 35, "excluded_lines": 0}, "missing_lines": [37, 44, 46, 49, 75, 76, 84, 229, 230, 231, 233, 234, 235, 237, 238, 243, 248, 253, 258, 259, 260, 262, 263, 273, 274, 277, 280, 284, 285, 294, 295, 296, 299, 302, 303], "excluded_lines": [], "functions": {"_get_actual_type": {"executed_lines": [25, 26, 27, 29, 31, 32, 34, 35, 38, 40, 41, 42, 43, 52, 54], "summary": {"covered_lines": 15, "num_statements": 19, "percent_covered": 78.94736842105263, "percent_covered_display": "78.95", "missing_lines": 4, "excluded_lines": 0}, "missing_lines": [37, 44, 46, 49], "excluded_lines": []}, "ParameterType.to_python_type": {"executed_lines": [66, 67, 68, 69, 70, 71, 72, 73, 74], "summary": {"covered_lines": 9, "num_statements": 11, "percent_covered": 81.81818181818181, "percent_covered_display": "81.82", "missing_lines": 2, "excluded_lines": 0}, "missing_lines": [75, 76], "excluded_lines": []}, "ParameterType.from_python_type": {"executed_lines": [80, 83, 87, 88, 89, 90, 91, 92, 93, 94, 95], "summary": {"covered_lines": 11, "num_statements": 12, "percent_covered": 91.66666666666667, "percent_covered_display": "91.67", "missing_lines": 1, "excluded_lines": 0}, "missing_lines": [84], "excluded_lines": []}, "create_pydantic_model_from_parameter_list": {"executed_lines": [111, 112, 113, 114, 116, 118, 123], "summary": {"covered_lines": 7, "num_statements": 7, "percent_covered": 100.0, "percent_covered_display": "100.00", "missing_lines": 0, "excluded_lines": 0}, "missing_lines": [], "excluded_lines": []}, "convert_to_base_model_type": {"executed_lines": [136, 137, 139, 140, 141, 143, 144, 145, 147], "summary": {"covered_lines": 9, "num_statements": 9, "percent_covered": 100.0, "percent_covered_display": "100.00", "missing_lines": 0, "excluded_lines": 0}, "missing_lines": [], "excluded_lines": []}, "base_model_to_parameter_list": {"executed_lines": [151, 152, 153, 161], "summary": {"covered_lines": 4, "num_statements": 4, "percent_covered": 100.0, "percent_covered_display": "100.00", "missing_lines": 0, "excluded_lines": 0}, "missing_lines": [], "excluded_lines": []}, "get_json_schema_extra_for_base_model_type": {"executed_lines": [203, 205, 225], "summary": {"covered_lines": 3, "num_statements": 3, "percent_covered": 100.0, "percent_covered_display": "100.00", "missing_lines": 0, "excluded_lines": 0}, "missing_lines": [], "excluded_lines": []}, "get_json_schema_extra_for_base_model_type._mutate": {"executed_lines": [206, 207, 209, 210, 211, 212, 217, 218, 223], "summary": {"covered_lines": 9, "num_statements": 9, "percent_covered": 100.0, "percent_covered_display": "100.00", "missing_lines": 0, "excluded_lines": 0}, "missing_lines": [], "excluded_lines": []}, "ToolDescription.serialize_parameters": {"executed_lines": [], "summary": {"covered_lines": 0, "num_statements": 1, "percent_covered": 0.0, "percent_covered_display": "0.00", "missing_lines": 1, "excluded_lines": 0}, "missing_lines": [260], "excluded_lines": []}, "ToolDescription.to_openai": {"executed_lines": [], "summary": {"covered_lines": 0, "num_statements": 1, "percent_covered": 0.0, "percent_covered_display": "0.00", "missing_lines": 1, "excluded_lines": 0}, "missing_lines": [263], "excluded_lines": []}, "": {"executed_lines": [1, 10, 11, 12, 14, 15, 16, 24, 57, 58, 59, 60, 61, 63, 78, 79, 98, 99, 100, 101, 102, 105, 126, 150, 166, 169, 170, 171, 172, 175, 178, 181, 186, 195, 228], "summary": {"covered_lines": 34, "num_statements": 60, "percent_covered": 56.666666666666664, "percent_covered_display": "56.67", "missing_lines": 26, "excluded_lines": 0}, "missing_lines": [229, 230, 231, 233, 234, 235, 237, 238, 243, 248, 253, 258, 259, 262, 273, 274, 277, 280, 284, 285, 294, 295, 296, 299, 302, 303], "excluded_lines": []}}, "classes": {"ParameterType": {"executed_lines": [66, 67, 68, 69, 70, 71, 72, 73, 74, 80, 83, 87, 88, 89, 90, 91, 92, 93, 94, 95], "summary": {"covered_lines": 20, "num_statements": 23, "percent_covered": 86.95652173913044, "percent_covered_display": "86.96", "missing_lines": 3, "excluded_lines": 0}, "missing_lines": [75, 76, 84], "excluded_lines": []}, "Parameter": {"executed_lines": [], "summary": {"covered_lines": 0, "num_statements": 0, "percent_covered": 100.0, "percent_covered_display": "100.00", "missing_lines": 0, "excluded_lines": 0}, "missing_lines": [], "excluded_lines": []}, "BaseModelTypeTitle": {"executed_lines": [], "summary": {"covered_lines": 0, "num_statements": 0, "percent_covered": 100.0, "percent_covered_display": "100.00", "missing_lines": 0, "excluded_lines": 0}, "missing_lines": [], "excluded_lines": []}, "ToolDescription": {"executed_lines": [], "summary": {"covered_lines": 0, "num_statements": 2, "percent_covered": 0.0, "percent_covered_display": "0.00", "missing_lines": 2, "excluded_lines": 0}, "missing_lines": [260, 263], "excluded_lines": []}, "WeatherToolParameterModel": {"executed_lines": [], "summary": {"covered_lines": 0, "num_statements": 0, "percent_covered": 100.0, "percent_covered_display": "100.00", "missing_lines": 0, "excluded_lines": 0}, "missing_lines": [], "excluded_lines": []}, "GetWeatherTool": {"executed_lines": [], "summary": {"covered_lines": 0, "num_statements": 0, "percent_covered": 100.0, "percent_covered_display": "100.00", "missing_lines": 0, "excluded_lines": 0}, "missing_lines": [], "excluded_lines": []}, "": {"executed_lines": [1, 10, 11, 12, 14, 15, 16, 24, 25, 26, 27, 29, 31, 32, 34, 35, 38, 40, 41, 42, 43, 52, 54, 57, 58, 59, 60, 61, 63, 78, 79, 98, 99, 100, 101, 102, 105, 111, 112, 113, 114, 116, 118, 123, 126, 136, 137, 139, 140, 141, 143, 144, 145, 147, 150, 151, 152, 153, 161, 166, 169, 170, 171, 172, 175, 178, 181, 186, 195, 203, 205, 206, 207, 209, 210, 211, 212, 217, 218, 223, 225, 228], "summary": {"covered_lines": 81, "num_statements": 111, "percent_covered": 72.97297297297297, "percent_covered_display": "72.97", "missing_lines": 30, "excluded_lines": 0}, "missing_lines": [37, 44, 46, 49, 229, 230, 231, 233, 234, 235, 237, 238, 243, 248, 253, 258, 259, 262, 273, 274, 277, 280, 284, 285, 294, 295, 296, 299, 302, 303], "excluded_lines": []}}}, "unique_toolkit/_common/pydantic_helpers.py": {"executed_lines": [1, 3, 4, 5, 7, 10, 14, 17, 21, 22], "summary": {"covered_lines": 10, "num_statements": 11, "percent_covered": 90.9090909090909, "percent_covered_display": "90.91", "missing_lines": 1, "excluded_lines": 0}, "missing_lines": [18], "excluded_lines": [], "functions": {"field_title_generator": {"executed_lines": [14], "summary": {"covered_lines": 1, "num_statements": 1, "percent_covered": 100.0, "percent_covered_display": "100.00", "missing_lines": 0, "excluded_lines": 0}, "missing_lines": [], "excluded_lines": []}, "model_title_generator": {"executed_lines": [], "summary": {"covered_lines": 0, "num_statements": 1, "percent_covered": 0.0, "percent_covered_display": "0.00", "missing_lines": 1, "excluded_lines": 0}, "missing_lines": [18], "excluded_lines": []}, "get_configuration_dict": {"executed_lines": [22], "summary": {"covered_lines": 1, "num_statements": 1, "percent_covered": 100.0, "percent_covered_display": "100.00", "missing_lines": 0, "excluded_lines": 0}, "missing_lines": [], "excluded_lines": []}, "": {"executed_lines": [1, 3, 4, 5, 7, 10, 17, 21], "summary": {"covered_lines": 8, "num_statements": 8, "percent_covered": 100.0, "percent_covered_display": "100.00", "missing_lines": 0, "excluded_lines": 0}, "missing_lines": [], "excluded_lines": []}}, "classes": {"": {"executed_lines": [1, 3, 4, 5, 7, 10, 14, 17, 21, 22], "summary": {"covered_lines": 10, "num_statements": 11, "percent_covered": 90.9090909090909, "percent_covered_display": "90.91", "missing_lines": 1, "excluded_lines": 0}, "missing_lines": [18], "excluded_lines": []}}}, "unique_toolkit/_common/validate_required_values.py": {"executed_lines": [1, 3, 6, 19, 20, 21], "summary": {"covered_lines": 6, "num_statements": 6, "percent_covered": 100.0, "percent_covered_display": "100.00", "missing_lines": 0, "excluded_lines": 0}, "missing_lines": [], "excluded_lines": [], "functions": {"validate_required_values": {"executed_lines": [19, 20, 21], "summary": {"covered_lines": 3, "num_statements": 3, "percent_covered": 100.0, "percent_covered_display": "100.00", "missing_lines": 0, "excluded_lines": 0}, "missing_lines": [], "excluded_lines": []}, "": {"executed_lines": [1, 3, 6], "summary": {"covered_lines": 3, "num_statements": 3, "percent_covered": 100.0, "percent_covered_display": "100.00", "missing_lines": 0, "excluded_lines": 0}, "missing_lines": [], "excluded_lines": []}}, "classes": {"": {"executed_lines": [1, 3, 6, 19, 20, 21], "summary": {"covered_lines": 6, "num_statements": 6, "percent_covered": 100.0, "percent_covered_display": "100.00", "missing_lines": 0, "excluded_lines": 0}, "missing_lines": [], "excluded_lines": []}}}, "unique_toolkit/app/__init__.py": {"executed_lines": [1, 2, 3, 4, 7, 8, 11, 14, 17, 20, 23, 26, 29, 32, 35, 38, 41, 44, 47, 51], "summary": {"covered_lines": 20, "num_statements": 20, "percent_covered": 100.0, "percent_covered_display": "100.00", "missing_lines": 0, "excluded_lines": 0}, "missing_lines": [], "excluded_lines": [], "functions": {"": {"executed_lines": [1, 2, 3, 4, 7, 8, 11, 14, 17, 20, 23, 26, 29, 32, 35, 38, 41, 44, 47, 51], "summary": {"covered_lines": 20, "num_statements": 20, "percent_covered": 100.0, "percent_covered_display": "100.00", "missing_lines": 0, "excluded_lines": 0}, "missing_lines": [], "excluded_lines": []}}, "classes": {"": {"executed_lines": [1, 2, 3, 4, 7, 8, 11, 14, 17, 20, 23, 26, 29, 32, 35, 38, 41, 44, 47, 51], "summary": {"covered_lines": 20, "num_statements": 20, "percent_covered": 100.0, "percent_covered_display": "100.00", "missing_lines": 0, "excluded_lines": 0}, "missing_lines": [], "excluded_lines": []}}}, "unique_toolkit/app/dev_util.py": {"executed_lines": [1, 2, 3, 4, 5, 12, 14, 15, 16, 18, 20, 23, 30, 34, 41, 44, 81, 105, 134, 141], "summary": {"covered_lines": 20, "num_statements": 66, "percent_covered": 30.303030303030305, "percent_covered_display": "30.30", "missing_lines": 46, "excluded_lines": 0}, "missing_lines": [24, 25, 27, 57, 58, 63, 65, 67, 68, 69, 70, 71, 72, 74, 76, 77, 78, 93, 94, 97, 98, 100, 102, 119, 120, 121, 123, 124, 126, 127, 128, 129, 131, 135, 136, 138, 157, 159, 160, 161, 163, 164, 165, 167, 168, 170], "excluded_lines": [], "functions": {"get_event_name_from_event_class": {"executed_lines": [], "summary": {"covered_lines": 0, "num_statements": 3, "percent_covered": 0.0, "percent_covered_display": "0.00", "missing_lines": 3, "excluded_lines": 0}, "missing_lines": [24, 25, 27], "excluded_lines": []}, "get_sse_client": {"executed_lines": [34, 41], "summary": {"covered_lines": 2, "num_statements": 2, "percent_covered": 100.0, "percent_covered_display": "100.00", "missing_lines": 0, "excluded_lines": 0}, "missing_lines": [], "excluded_lines": []}, "get_event_generator": {"executed_lines": [], "summary": {"covered_lines": 0, "num_statements": 14, "percent_covered": 0.0, "percent_covered_display": "0.00", "missing_lines": 14, "excluded_lines": 0}, "missing_lines": [57, 58, 63, 65, 67, 68, 69, 70, 71, 72, 74, 76, 77, 78], "excluded_lines": []}, "get_event_stream": {"executed_lines": [], "summary": {"covered_lines": 0, "num_statements": 6, "percent_covered": 0.0, "percent_covered_display": "0.00", "missing_lines": 6, "excluded_lines": 0}, "missing_lines": [93, 94, 97, 98, 100, 102], "excluded_lines": []}, "run_demo_with_sse_client": {"executed_lines": [], "summary": {"covered_lines": 0, "num_statements": 10, "percent_covered": 0.0, "percent_covered_display": "0.00", "missing_lines": 10, "excluded_lines": 0}, "missing_lines": [119, 120, 121, 123, 124, 126, 127, 128, 129, 131], "excluded_lines": []}, "load_event": {"executed_lines": [], "summary": {"covered_lines": 0, "num_statements": 3, "percent_covered": 0.0, "percent_covered_display": "0.00", "missing_lines": 3, "excluded_lines": 0}, "missing_lines": [135, 136, 138], "excluded_lines": []}, "run_demo_with_with_saved_event": {"executed_lines": [], "summary": {"covered_lines": 0, "num_statements": 10, "percent_covered": 0.0, "percent_covered_display": "0.00", "missing_lines": 10, "excluded_lines": 0}, "missing_lines": [157, 159, 160, 161, 163, 164, 165, 167, 168, 170], "excluded_lines": []}, "": {"executed_lines": [1, 2, 3, 4, 5, 12, 14, 15, 16, 18, 20, 23, 30, 44, 81, 105, 134, 141], "summary": {"covered_lines": 18, "num_statements": 18, "percent_covered": 100.0, "percent_covered_display": "100.00", "missing_lines": 0, "excluded_lines": 0}, "missing_lines": [], "excluded_lines": []}}, "classes": {"": {"executed_lines": [1, 2, 3, 4, 5, 12, 14, 15, 16, 18, 20, 23, 30, 34, 41, 44, 81, 105, 134, 141], "summary": {"covered_lines": 20, "num_statements": 66, "percent_covered": 30.303030303030305, "percent_covered_display": "30.30", "missing_lines": 46, "excluded_lines": 0}, "missing_lines": [24, 25, 27, 57, 58, 63, 65, 67, 68, 69, 70, 71, 72, 74, 76, 77, 78, 93, 94, 97, 98, 100, 102, 119, 120, 121, 123, 124, 126, 127, 128, 129, 131, 135, 136, 138, 157, 159, 160, 161, 163, 164, 165, 167, 168, 170], "excluded_lines": []}}}, "unique_toolkit/app/init_logging.py": {"executed_lines": [1, 2, 3, 6, 7, 10, 30], "summary": {"covered_lines": 7, "num_statements": 8, "percent_covered": 87.5, "percent_covered_display": "87.50", "missing_lines": 1, "excluded_lines": 0}, "missing_lines": [31], "excluded_lines": [], "functions": {"init_logging": {"executed_lines": [], "summary": {"covered_lines": 0, "num_statements": 1, "percent_covered": 0.0, "percent_covered_display": "0.00", "missing_lines": 1, "excluded_lines": 0}, "missing_lines": [31], "excluded_lines": []}, "": {"executed_lines": [1, 2, 3, 6, 7, 10, 30], "summary": {"covered_lines": 7, "num_statements": 7, "percent_covered": 100.0, "percent_covered_display": "100.00", "missing_lines": 0, "excluded_lines": 0}, "missing_lines": [], "excluded_lines": []}}, "classes": {"UTCFormatter": {"executed_lines": [], "summary": {"covered_lines": 0, "num_statements": 0, "percent_covered": 100.0, "percent_covered_display": "100.00", "missing_lines": 0, "excluded_lines": 0}, "missing_lines": [], "excluded_lines": []}, "": {"executed_lines": [1, 2, 3, 6, 7, 10, 30], "summary": {"covered_lines": 7, "num_statements": 8, "percent_covered": 87.5, "percent_covered_display": "87.50", "missing_lines": 1, "excluded_lines": 0}, "missing_lines": [31], "excluded_lines": []}}}, "unique_toolkit/app/init_sdk.py": {"executed_lines": [1, 2, 3, 5, 6, 8, 11, 32, 33, 36, 37, 40, 54, 55, 69], "summary": {"covered_lines": 15, "num_statements": 34, "percent_covered": 44.11764705882353, "percent_covered_display": "44.12", "missing_lines": 19, "excluded_lines": 0}, "missing_lines": [25, 26, 27, 28, 29, 43, 44, 45, 46, 47, 48, 49, 50, 51, 64, 65, 66, 71, 72], "excluded_lines": [], "functions": {"get_env": {"executed_lines": [], "summary": {"covered_lines": 0, "num_statements": 5, "percent_covered": 0.0, "percent_covered_display": "0.00", "missing_lines": 5, "excluded_lines": 0}, "missing_lines": [25, 26, 27, 28, 29], "excluded_lines": []}, "init_unique_sdk": {"executed_lines": [], "summary": {"covered_lines": 0, "num_statements": 9, "percent_covered": 0.0, "percent_covered_display": "0.00", "missing_lines": 9, "excluded_lines": 0}, "missing_lines": [43, 44, 45, 46, 47, 48, 49, 50, 51], "excluded_lines": []}, "init_sdk": {"executed_lines": [], "summary": {"covered_lines": 0, "num_statements": 3, "percent_covered": 0.0, "percent_covered_display": "0.00", "missing_lines": 3, "excluded_lines": 0}, "missing_lines": [64, 65, 66], "excluded_lines": []}, "get_endpoint_secret": {"executed_lines": [], "summary": {"covered_lines": 0, "num_statements": 2, "percent_covered": 0.0, "percent_covered_display": "0.00", "missing_lines": 2, "excluded_lines": 0}, "missing_lines": [71, 72], "excluded_lines": []}, "": {"executed_lines": [1, 2, 3, 5, 6, 8, 11, 32, 36, 40, 54, 55, 69], "summary": {"covered_lines": 13, "num_statements": 13, "percent_covered": 100.0, "percent_covered_display": "100.00", "missing_lines": 0, "excluded_lines": 0}, "missing_lines": [], "excluded_lines": []}}, "classes": {"": {"executed_lines": [1, 2, 3, 5, 6, 8, 11, 32, 33, 36, 37, 40, 54, 55, 69], "summary": {"covered_lines": 15, "num_statements": 34, "percent_covered": 44.11764705882353, "percent_covered_display": "44.12", "missing_lines": 19, "excluded_lines": 0}, "missing_lines": [25, 26, 27, 28, 29, 43, 44, 45, 46, 47, 48, 49, 50, 51, 64, 65, 66, 71, 72], "excluded_lines": []}}}, "unique_toolkit/app/performance/async_tasks.py": {"executed_lines": [1, 2, 3, 4, 5, 13, 14, 17, 33, 35, 36, 37, 39, 43, 44, 45, 46, 47, 50, 52, 53, 54, 58, 60, 61, 62, 64, 68, 70], "summary": {"covered_lines": 29, "num_statements": 29, "percent_covered": 100.0, "percent_covered_display": "100.00", "missing_lines": 0, "excluded_lines": 0}, "missing_lines": [], "excluded_lines": [], "functions": {"run_async_tasks_parallel": {"executed_lines": [33, 35, 58, 60, 64, 68, 70], "summary": {"covered_lines": 7, "num_statements": 7, "percent_covered": 100.0, "percent_covered_display": "100.00", "missing_lines": 0, "excluded_lines": 0}, "missing_lines": [], "excluded_lines": []}, "run_async_tasks_parallel.logging_wrapper": {"executed_lines": [36, 37, 39, 43, 44, 45, 46, 47, 50, 52, 53, 54], "summary": {"covered_lines": 12, "num_statements": 12, "percent_covered": 100.0, "percent_covered_display": "100.00", "missing_lines": 0, "excluded_lines": 0}, "missing_lines": [], "excluded_lines": []}, "run_async_tasks_parallel.sem_task": {"executed_lines": [61, 62], "summary": {"covered_lines": 2, "num_statements": 2, "percent_covered": 100.0, "percent_covered_display": "100.00", "missing_lines": 0, "excluded_lines": 0}, "missing_lines": [], "excluded_lines": []}, "": {"executed_lines": [1, 2, 3, 4, 5, 13, 14, 17], "summary": {"covered_lines": 8, "num_statements": 8, "percent_covered": 100.0, "percent_covered_display": "100.00", "missing_lines": 0, "excluded_lines": 0}, "missing_lines": [], "excluded_lines": []}}, "classes": {"": {"executed_lines": [1, 2, 3, 4, 5, 13, 14, 17, 33, 35, 36, 37, 39, 43, 44, 45, 46, 47, 50, 52, 53, 54, 58, 60, 61, 62, 64, 68, 70], "summary": {"covered_lines": 29, "num_statements": 29, "percent_covered": 100.0, "percent_covered_display": "100.00", "missing_lines": 0, "excluded_lines": 0}, "missing_lines": [], "excluded_lines": []}}}, "unique_toolkit/app/performance/async_wrapper.py": {"executed_lines": [1, 2, 3, 4, 6, 9, 10, 11, 20, 23, 24], "summary": {"covered_lines": 11, "num_statements": 17, "percent_covered": 64.70588235294117, "percent_covered_display": "64.71", "missing_lines": 6, "excluded_lines": 0}, "missing_lines": [12, 18, 35, 36, 37, 39], "excluded_lines": [], "functions": {"async_warning": {"executed_lines": [11, 20], "summary": {"covered_lines": 2, "num_statements": 2, "percent_covered": 100.0, "percent_covered_display": "100.00", "missing_lines": 0, "excluded_lines": 0}, "missing_lines": [], "excluded_lines": []}, "async_warning.wrapper": {"executed_lines": [], "summary": {"covered_lines": 0, "num_statements": 2, "percent_covered": 0.0, "percent_covered_display": "0.00", "missing_lines": 2, "excluded_lines": 0}, "missing_lines": [12, 18], "excluded_lines": []}, "to_async": {"executed_lines": [], "summary": {"covered_lines": 0, "num_statements": 3, "percent_covered": 0.0, "percent_covered_display": "0.00", "missing_lines": 3, "excluded_lines": 0}, "missing_lines": [35, 36, 39], "excluded_lines": []}, "to_async.wrapper": {"executed_lines": [], "summary": {"covered_lines": 0, "num_statements": 1, "percent_covered": 0.0, "percent_covered_display": "0.00", "missing_lines": 1, "excluded_lines": 0}, "missing_lines": [37], "excluded_lines": []}, "": {"executed_lines": [1, 2, 3, 4, 6, 9, 10, 23, 24], "summary": {"covered_lines": 9, "num_statements": 9, "percent_covered": 100.0, "percent_covered_display": "100.00", "missing_lines": 0, "excluded_lines": 0}, "missing_lines": [], "excluded_lines": []}}, "classes": {"": {"executed_lines": [1, 2, 3, 4, 6, 9, 10, 11, 20, 23, 24], "summary": {"covered_lines": 11, "num_statements": 17, "percent_covered": 64.70588235294117, "percent_covered_display": "64.71", "missing_lines": 6, "excluded_lines": 0}, "missing_lines": [12, 18, 35, 36, 37, 39], "excluded_lines": []}}}, "unique_toolkit/app/schemas.py": {"executed_lines": [1, 2, 3, 4, 6, 7, 8, 10, 13, 20, 21, 22, 23, 24, 25, 26, 27, 28, 29, 30, 33, 34, 36, 37, 38, 39, 41, 42, 55, 56, 58, 59, 60, 61, 62, 63, 67, 71, 75, 79, 84, 85, 87, 88, 89, 93, 97, 105, 106, 108, 109, 110, 111, 112, 115, 119, 120, 122, 125, 126, 128, 129, 132, 136, 137, 139, 142, 143, 145, 146, 149, 153, 154, 156, 159, 160, 162, 163, 164, 165, 166, 167, 168, 169, 170, 171, 174, 178, 182, 187, 191, 195, 199, 204, 205, 210, 212, 213, 219, 220, 222, 223, 224, 226, 227, 234, 246, 250, 251, 256, 257], "summary": {"covered_lines": 108, "num_statements": 126, "percent_covered": 85.71428571428571, "percent_covered_display": "85.71", "missing_lines": 18, "excluded_lines": 0}, "missing_lines": [43, 44, 45, 46, 47, 206, 207, 228, 229, 230, 231, 232, 238, 258, 259, 260, 261, 262], "excluded_lines": [], "functions": {"BaseEvent.from_json_file": {"executed_lines": [], "summary": {"covered_lines": 0, "num_statements": 5, "percent_covered": 0.0, "percent_covered_display": "0.00", "missing_lines": 5, "excluded_lines": 0}, "missing_lines": [43, 44, 45, 46, 47], "excluded_lines": []}, "ChatEventPayload.validate_scope_rules": {"executed_lines": [], "summary": {"covered_lines": 0, "num_statements": 2, "percent_covered": 0.0, "percent_covered_display": "0.00", "missing_lines": 2, "excluded_lines": 0}, "missing_lines": [206, 207], "excluded_lines": []}, "ChatEvent.from_json_file": {"executed_lines": [], "summary": {"covered_lines": 0, "num_statements": 5, "percent_covered": 0.0, "percent_covered_display": "0.00", "missing_lines": 5, "excluded_lines": 0}, "missing_lines": [228, 229, 230, 231, 232], "excluded_lines": []}, "ChatEvent.get_initial_debug_info": {"executed_lines": [], "summary": {"covered_lines": 0, "num_statements": 1, "percent_covered": 0.0, "percent_covered_display": "0.00", "missing_lines": 1, "excluded_lines": 0}, "missing_lines": [238], "excluded_lines": []}, "Event.from_json_file": {"executed_lines": [], "summary": {"covered_lines": 0, "num_statements": 5, "percent_covered": 0.0, "percent_covered_display": "0.00", "missing_lines": 5, "excluded_lines": 0}, "missing_lines": [258, 259, 260, 261, 262], "excluded_lines": []}, "": {"executed_lines": [1, 2, 3, 4, 6, 7, 8, 10, 13, 20, 21, 22, 23, 24, 25, 26, 27, 28, 29, 30, 33, 34, 36, 37, 38, 39, 41, 42, 55, 56, 58, 59, 60, 61, 62, 63, 67, 71, 75, 79, 84, 85, 87, 88, 89, 93, 97, 105, 106, 108, 109, 110, 111, 112, 115, 119, 120, 122, 125, 126, 128, 129, 132, 136, 137, 139, 142, 143, 145, 146, 149, 153, 154, 156, 159, 160, 162, 163, 164, 165, 166, 167, 168, 169, 170, 171, 174, 178, 182, 187, 191, 195, 199, 204, 205, 210, 212, 213, 219, 220, 222, 223, 224, 226, 227, 234, 246, 250, 251, 256, 257], "summary": {"covered_lines": 108, "num_statements": 108, "percent_covered": 100.0, "percent_covered_display": "100.00", "missing_lines": 0, "excluded_lines": 0}, "missing_lines": [], "excluded_lines": []}}, "classes": {"EventName": {"executed_lines": [], "summary": {"covered_lines": 0, "num_statements": 0, "percent_covered": 100.0, "percent_covered_display": "100.00", "missing_lines": 0, "excluded_lines": 0}, "missing_lines": [], "excluded_lines": []}, "BaseEvent": {"executed_lines": [], "summary": {"covered_lines": 0, "num_statements": 5, "percent_covered": 0.0, "percent_covered_display": "0.00", "missing_lines": 5, "excluded_lines": 0}, "missing_lines": [43, 44, 45, 46, 47], "excluded_lines": []}, "McpTool": {"executed_lines": [], "summary": {"covered_lines": 0, "num_statements": 0, "percent_covered": 100.0, "percent_covered_display": "100.00", "missing_lines": 0, "excluded_lines": 0}, "missing_lines": [], "excluded_lines": []}, "McpServer": {"executed_lines": [], "summary": {"covered_lines": 0, "num_statements": 0, "percent_covered": 100.0, "percent_covered_display": "100.00", "missing_lines": 0, "excluded_lines": 0}, "missing_lines": [], "excluded_lines": []}, "ChatEventUserMessage": {"executed_lines": [], "summary": {"covered_lines": 0, "num_statements": 0, "percent_covered": 100.0, "percent_covered_display": "100.00", "missing_lines": 0, "excluded_lines": 0}, "missing_lines": [], "excluded_lines": []}, "EventUserMessage": {"executed_lines": [], "summary": {"covered_lines": 0, "num_statements": 0, "percent_covered": 100.0, "percent_covered_display": "100.00", "missing_lines": 0, "excluded_lines": 0}, "missing_lines": [], "excluded_lines": []}, "ChatEventAssistantMessage": {"executed_lines": [], "summary": {"covered_lines": 0, "num_statements": 0, "percent_covered": 100.0, "percent_covered_display": "100.00", "missing_lines": 0, "excluded_lines": 0}, "missing_lines": [], "excluded_lines": []}, "EventAssistantMessage": {"executed_lines": [], "summary": {"covered_lines": 0, "num_statements": 0, "percent_covered": 100.0, "percent_covered_display": "100.00", "missing_lines": 0, "excluded_lines": 0}, "missing_lines": [], "excluded_lines": []}, "ChatEventAdditionalParameters": {"executed_lines": [], "summary": {"covered_lines": 0, "num_statements": 0, "percent_covered": 100.0, "percent_covered_display": "100.00", "missing_lines": 0, "excluded_lines": 0}, "missing_lines": [], "excluded_lines": []}, "EventAdditionalParameters": {"executed_lines": [], "summary": {"covered_lines": 0, "num_statements": 0, "percent_covered": 100.0, "percent_covered_display": "100.00", "missing_lines": 0, "excluded_lines": 0}, "missing_lines": [], "excluded_lines": []}, "ChatEventPayload": {"executed_lines": [], "summary": {"covered_lines": 0, "num_statements": 2, "percent_covered": 0.0, "percent_covered_display": "0.00", "missing_lines": 2, "excluded_lines": 0}, "missing_lines": [206, 207], "excluded_lines": []}, "EventPayload": {"executed_lines": [], "summary": {"covered_lines": 0, "num_statements": 0, "percent_covered": 100.0, "percent_covered_display": "100.00", "missing_lines": 0, "excluded_lines": 0}, "missing_lines": [], "excluded_lines": []}, "ChatEvent": {"executed_lines": [], "summary": {"covered_lines": 0, "num_statements": 6, "percent_covered": 0.0, "percent_covered_display": "0.00", "missing_lines": 6, "excluded_lines": 0}, "missing_lines": [228, 229, 230, 231, 232, 238], "excluded_lines": []}, "Event": {"executed_lines": [], "summary": {"covered_lines": 0, "num_statements": 5, "percent_covered": 0.0, "percent_covered_display": "0.00", "missing_lines": 5, "excluded_lines": 0}, "missing_lines": [258, 259, 260, 261, 262], "excluded_lines": []}, "": {"executed_lines": [1, 2, 3, 4, 6, 7, 8, 10, 13, 20, 21, 22, 23, 24, 25, 26, 27, 28, 29, 30, 33, 34, 36, 37, 38, 39, 41, 42, 55, 56, 58, 59, 60, 61, 62, 63, 67, 71, 75, 79, 84, 85, 87, 88, 89, 93, 97, 105, 106, 108, 109, 110, 111, 112, 115, 119, 120, 122, 125, 126, 128, 129, 132, 136, 137, 139, 142, 143, 145, 146, 149, 153, 154, 156, 159, 160, 162, 163, 164, 165, 166, 167, 168, 169, 170, 171, 174, 178, 182, 187, 191, 195, 199, 204, 205, 210, 212, 213, 219, 220, 222, 223, 224, 226, 227, 234, 246, 250, 251, 256, 257], "summary": {"covered_lines": 108, "num_statements": 108, "percent_covered": 100.0, "percent_covered_display": "100.00", "missing_lines": 0, "excluded_lines": 0}, "missing_lines": [], "excluded_lines": []}}}, "unique_toolkit/app/unique_settings.py": {"executed_lines": [1, 2, 3, 4, 5, 7, 8, 9, 10, 12, 14, 17, 19, 20, 21, 24, 25, 26, 29, 30, 31, 34, 35, 41, 47, 51, 52, 54, 55, 56, 58, 66, 67, 78, 85, 92, 93, 94, 96, 97, 98, 106, 123, 127, 133, 134, 143, 150, 157, 158, 159, 162, 163, 166, 167, 174, 175, 176, 177, 181, 182, 222, 223, 236, 237, 240, 241, 242, 243, 244, 246, 247, 270, 280, 281], "summary": {"covered_lines": 74, "num_statements": 105, "percent_covered": 70.47619047619048, "percent_covered_display": "70.48", "missing_lines": 31, "excluded_lines": 0}, "missing_lines": [107, 108, 110, 114, 116, 119, 121, 124, 125, 128, 129, 130, 199, 208, 209, 210, 213, 214, 259, 260, 261, 262, 263, 264, 268, 276, 277, 278, 294, 295, 296], "excluded_lines": [], "functions": {"warn_about_defaults": {"executed_lines": [19, 20, 21, 24, 25, 26, 29, 30, 31], "summary": {"covered_lines": 9, "num_statements": 9, "percent_covered": 100.0, "percent_covered_display": "100.00", "missing_lines": 0, "excluded_lines": 0}, "missing_lines": [], "excluded_lines": []}, "UniqueApp._warn_about_defaults": {"executed_lines": [56], "summary": {"covered_lines": 1, "num_statements": 1, "percent_covered": 100.0, "percent_covered_display": "100.00", "missing_lines": 0, "excluded_lines": 0}, "missing_lines": [], "excluded_lines": []}, "UniqueApi._warn_about_defaults": {"executed_lines": [94], "summary": {"covered_lines": 1, "num_statements": 1, "percent_covered": 100.0, "percent_covered_display": "100.00", "missing_lines": 0, "excluded_lines": 0}, "missing_lines": [], "excluded_lines": []}, "UniqueApi.sse_url": {"executed_lines": [97, 98], "summary": {"covered_lines": 2, "num_statements": 2, "percent_covered": 100.0, "percent_covered_display": "100.00", "missing_lines": 0, "excluded_lines": 0}, "missing_lines": [], "excluded_lines": []}, "UniqueApi.base_path": {"executed_lines": [], "summary": {"covered_lines": 0, "num_statements": 7, "percent_covered": 0.0, "percent_covered_display": "0.00", "missing_lines": 7, "excluded_lines": 0}, "missing_lines": [107, 108, 110, 114, 116, 119, 121], "excluded_lines": []}, "UniqueApi.sdk_url": {"executed_lines": [], "summary": {"covered_lines": 0, "num_statements": 2, "percent_covered": 0.0, "percent_covered_display": "0.00", "missing_lines": 2, "excluded_lines": 0}, "missing_lines": [124, 125], "excluded_lines": []}, "UniqueApi.openai_proxy_url": {"executed_lines": [], "summary": {"covered_lines": 0, "num_statements": 3, "percent_covered": 0.0, "percent_covered_display": "0.00", "missing_lines": 3, "excluded_lines": 0}, "missing_lines": [128, 129, 130], "excluded_lines": []}, "UniqueAuth._warn_about_defaults": {"executed_lines": [159], "summary": {"covered_lines": 1, "num_statements": 1, "percent_covered": 100.0, "percent_covered_display": "100.00", "missing_lines": 0, "excluded_lines": 0}, "missing_lines": [], "excluded_lines": []}, "UniqueSettings.__init__": {"executed_lines": [174, 175, 176, 177], "summary": {"covered_lines": 4, "num_statements": 4, "percent_covered": 100.0, "percent_covered_display": "100.00", "missing_lines": 0, "excluded_lines": 0}, "missing_lines": [], "excluded_lines": []}, "UniqueSettings._find_env_file": {"executed_lines": [], "summary": {"covered_lines": 0, "num_statements": 6, "percent_covered": 0.0, "percent_covered_display": "0.00", "missing_lines": 6, "excluded_lines": 0}, "missing_lines": [199, 208, 209, 210, 213, 214], "excluded_lines": []}, "UniqueSettings.from_env": {"executed_lines": [236, 237, 240, 241, 242, 243, 244], "summary": {"covered_lines": 7, "num_statements": 7, "percent_covered": 100.0, "percent_covered_display": "100.00", "missing_lines": 0, "excluded_lines": 0}, "missing_lines": [], "excluded_lines": []}, "UniqueSettings.from_env_auto": {"executed_lines": [], "summary": {"covered_lines": 0, "num_statements": 7, "percent_covered": 0.0, "percent_covered_display": "0.00", "missing_lines": 7, "excluded_lines": 0}, "missing_lines": [259, 260, 261, 262, 263, 264, 268], "excluded_lines": []}, "UniqueSettings.init_sdk": {"executed_lines": [], "summary": {"covered_lines": 0, "num_statements": 3, "percent_covered": 0.0, "percent_covered_display": "0.00", "missing_lines": 3, "excluded_lines": 0}, "missing_lines": [276, 277, 278], "excluded_lines": []}, "UniqueSettings.from_env_auto_with_sdk_init": {"executed_lines": [], "summary": {"covered_lines": 0, "num_statements": 3, "percent_covered": 0.0, "percent_covered_display": "0.00", "missing_lines": 3, "excluded_lines": 0}, "missing_lines": [294, 295, 296], "excluded_lines": []}, "": {"executed_lines": [1, 2, 3, 4, 5, 7, 8, 9, 10, 12, 14, 17, 34, 35, 41, 47, 51, 52, 54, 55, 58, 66, 67, 78, 85, 92, 93, 96, 106, 123, 127, 133, 134, 143, 150, 157, 158, 162, 163, 166, 167, 181, 182, 222, 223, 246, 247, 270, 280, 281], "summary": {"covered_lines": 49, "num_statements": 49, "percent_covered": 100.0, "percent_covered_display": "100.00", "missing_lines": 0, "excluded_lines": 0}, "missing_lines": [], "excluded_lines": []}}, "classes": {"UniqueApp": {"executed_lines": [56], "summary": {"covered_lines": 1, "num_statements": 1, "percent_covered": 100.0, "percent_covered_display": "100.00", "missing_lines": 0, "excluded_lines": 0}, "missing_lines": [], "excluded_lines": []}, "UniqueApi": {"executed_lines": [94, 97, 98], "summary": {"covered_lines": 3, "num_statements": 15, "percent_covered": 20.0, "percent_covered_display": "20.00", "missing_lines": 12, "excluded_lines": 0}, "missing_lines": [107, 108, 110, 114, 116, 119, 121, 124, 125, 128, 129, 130], "excluded_lines": []}, "UniqueAuth": {"executed_lines": [159], "summary": {"covered_lines": 1, "num_statements": 1, "percent_covered": 100.0, "percent_covered_display": "100.00", "missing_lines": 0, "excluded_lines": 0}, "missing_lines": [], "excluded_lines": []}, "EnvFileNotFoundError": {"executed_lines": [], "summary": {"covered_lines": 0, "num_statements": 0, "percent_covered": 100.0, "percent_covered_display": "100.00", "missing_lines": 0, "excluded_lines": 0}, "missing_lines": [], "excluded_lines": []}, "UniqueSettings": {"executed_lines": [174, 175, 176, 177, 236, 237, 240, 241, 242, 243, 244], "summary": {"covered_lines": 11, "num_statements": 30, "percent_covered": 36.666666666666664, "percent_covered_display": "36.67", "missing_lines": 19, "excluded_lines": 0}, "missing_lines": [199, 208, 209, 210, 213, 214, 259, 260, 261, 262, 263, 264, 268, 276, 277, 278, 294, 295, 296], "excluded_lines": []}, "": {"executed_lines": [1, 2, 3, 4, 5, 7, 8, 9, 10, 12, 14, 17, 19, 20, 21, 24, 25, 26, 29, 30, 31, 34, 35, 41, 47, 51, 52, 54, 55, 58, 66, 67, 78, 85, 92, 93, 96, 106, 123, 127, 133, 134, 143, 150, 157, 158, 162, 163, 166, 167, 181, 182, 222, 223, 246, 247, 270, 280, 281], "summary": {"covered_lines": 58, "num_statements": 58, "percent_covered": 100.0, "percent_covered_display": "100.00", "missing_lines": 0, "excluded_lines": 0}, "missing_lines": [], "excluded_lines": []}}}, "unique_toolkit/app/verification.py": {"executed_lines": [1, 2, 3, 4, 6, 7, 9, 11, 14, 15, 17, 20, 23, 67], "summary": {"covered_lines": 13, "num_statements": 50, "percent_covered": 26.0, "percent_covered_display": "26.00", "missing_lines": 37, "excluded_lines": 0}, "missing_lines": [46, 47, 49, 50, 51, 53, 54, 60, 61, 62, 63, 64, 74, 76, 77, 78, 79, 80, 82, 83, 84, 91, 92, 93, 95, 96, 97, 99, 100, 101, 102, 103, 105, 106, 109, 111, 112], "excluded_lines": [], "functions": {"verify_signature_and_construct_event": {"executed_lines": [], "summary": {"covered_lines": 0, "num_statements": 12, "percent_covered": 0.0, "percent_covered_display": "0.00", "missing_lines": 12, "excluded_lines": 0}, "missing_lines": [46, 47, 49, 50, 51, 53, 54, 60, 61, 62, 63, 64], "excluded_lines": []}, "verify_request_and_construct_event": {"executed_lines": [], "summary": {"covered_lines": 0, "num_statements": 25, "percent_covered": 0.0, "percent_covered_display": "0.00", "missing_lines": 25, "excluded_lines": 0}, "missing_lines": [74, 76, 77, 78, 79, 80, 82, 83, 84, 91, 92, 93, 95, 96, 97, 99, 100, 101, 102, 103, 105, 106, 109, 111, 112], "excluded_lines": []}, "": {"executed_lines": [1, 2, 3, 4, 6, 7, 9, 11, 14, 15, 17, 20, 23, 67], "summary": {"covered_lines": 13, "num_statements": 13, "percent_covered": 100.0, "percent_covered_display": "100.00", "missing_lines": 0, "excluded_lines": 0}, "missing_lines": [], "excluded_lines": []}}, "classes": {"WebhookVerificationError": {"executed_lines": [], "summary": {"covered_lines": 0, "num_statements": 0, "percent_covered": 100.0, "percent_covered_display": "100.00", "missing_lines": 0, "excluded_lines": 0}, "missing_lines": [], "excluded_lines": []}, "": {"executed_lines": [1, 2, 3, 4, 6, 7, 9, 11, 14, 15, 17, 20, 23, 67], "summary": {"covered_lines": 13, "num_statements": 50, "percent_covered": 26.0, "percent_covered_display": "26.00", "missing_lines": 37, "excluded_lines": 0}, "missing_lines": [46, 47, 49, 50, 51, 53, 54, 60, 61, 62, 63, 64, 74, 76, 77, 78, 79, 80, 82, 83, 84, 91, 92, 93, 95, 96, 97, 99, 100, 101, 102, 103, 105, 106, 109, 111, 112], "excluded_lines": []}}}, "unique_toolkit/chat/__init__.py": {"executed_lines": [1, 2, 3, 4, 5, 6, 7, 8, 9], "summary": {"covered_lines": 9, "num_statements": 9, "percent_covered": 100.0, "percent_covered_display": "100.00", "missing_lines": 0, "excluded_lines": 0}, "missing_lines": [], "excluded_lines": [], "functions": {"": {"executed_lines": [1, 2, 3, 4, 5, 6, 7, 8, 9], "summary": {"covered_lines": 9, "num_statements": 9, "percent_covered": 100.0, "percent_covered_display": "100.00", "missing_lines": 0, "excluded_lines": 0}, "missing_lines": [], "excluded_lines": []}}, "classes": {"": {"executed_lines": [1, 2, 3, 4, 5, 6, 7, 8, 9], "summary": {"covered_lines": 9, "num_statements": 9, "percent_covered": 100.0, "percent_covered_display": "100.00", "missing_lines": 0, "excluded_lines": 0}, "missing_lines": [], "excluded_lines": []}}}, "unique_toolkit/chat/constants.py": {"executed_lines": [1, 2, 3], "summary": {"covered_lines": 3, "num_statements": 3, "percent_covered": 100.0, "percent_covered_display": "100.00", "missing_lines": 0, "excluded_lines": 0}, "missing_lines": [], "excluded_lines": [], "functions": {"": {"executed_lines": [1, 2, 3], "summary": {"covered_lines": 3, "num_statements": 3, "percent_covered": 100.0, "percent_covered_display": "100.00", "missing_lines": 0, "excluded_lines": 0}, "missing_lines": [], "excluded_lines": []}}, "classes": {"": {"executed_lines": [1, 2, 3], "summary": {"covered_lines": 3, "num_statements": 3, "percent_covered": 100.0, "percent_covered_display": "100.00", "missing_lines": 0, "excluded_lines": 0}, "missing_lines": [], "excluded_lines": []}}}, "unique_toolkit/chat/functions.py": {"executed_lines": [1, 2, 3, 5, 6, 7, 9, 10, 11, 26, 27, 28, 32, 36, 37, 44, 47, 86, 87, 102, 103, 104, 105, 106, 109, 148, 149, 164, 165, 166, 167, 168, 171, 172, 184, 204, 219, 221, 223, 224, 226, 232, 233, 235, 246, 249, 282, 283, 285, 286, 299, 300, 301, 302, 303, 306, 339, 340, 342, 343, 356, 357, 358, 359, 360, 363, 375, 378, 392, 397, 398, 399, 401, 402, 403, 408, 410, 416, 417, 420, 424, 425, 427, 428, 429, 430, 433, 434, 435, 437, 438, 441, 442, 444, 445, 448, 453, 454, 459, 460, 461, 462, 465, 470, 471, 476, 477, 478, 479, 482, 487, 488, 490, 493, 498, 503, 505, 508, 511, 514, 515, 516, 517, 518, 519, 521, 524, 555, 556, 567, 573, 604, 605, 616, 622, 651, 652, 662, 668, 697, 698, 708, 714, 715, 732, 751, 791, 802, 803, 818, 824, 825, 842, 861, 886, 897, 898, 913, 914, 915, 916, 919, 972, 1025, 1078, 1131, 1174, 1217, 1248, 1279, 1319], "summary": {"covered_lines": 171, "num_statements": 251, "percent_covered": 68.12749003984064, "percent_covered_display": "68.13", "missing_lines": 80, "excluded_lines": 0}, "missing_lines": [191, 228, 229, 230, 376, 568, 569, 570, 617, 618, 619, 663, 664, 665, 709, 710, 711, 819, 820, 821, 950, 951, 966, 967, 968, 969, 1003, 1004, 1019, 1020, 1021, 1022, 1056, 1057, 1072, 1073, 1074, 1075, 1109, 1110, 1125, 1126, 1127, 1128, 1158, 1159, 1168, 1169, 1170, 1171, 1201, 1202, 1211, 1212, 1213, 1214, 1236, 1237, 1242, 1243, 1244, 1245, 1267, 1268, 1273, 1274, 1275, 1276, 1304, 1305, 1313, 1314, 1315, 1316, 1344, 1345, 1353, 1354, 1355, 1356], "excluded_lines": [], "functions": {"modify_message": {"executed_lines": [86, 87, 102, 103, 104, 105, 106], "summary": {"covered_lines": 7, "num_statements": 7, "percent_covered": 100.0, "percent_covered_display": "100.00", "missing_lines": 0, "excluded_lines": 0}, "missing_lines": [], "excluded_lines": []}, "modify_message_async": {"executed_lines": [148, 149, 164, 165, 166, 167, 168], "summary": {"covered_lines": 7, "num_statements": 7, "percent_covered": 100.0, "percent_covered_display": "100.00", "missing_lines": 0, "excluded_lines": 0}, "missing_lines": [], "excluded_lines": []}, "map_references": {"executed_lines": [172], "summary": {"covered_lines": 1, "num_statements": 1, "percent_covered": 100.0, "percent_covered_display": "100.00", "missing_lines": 0, "excluded_lines": 0}, "missing_lines": [], "excluded_lines": []}, "map_references_with_original_index": {"executed_lines": [], "summary": {"covered_lines": 0, "num_statements": 1, "percent_covered": 0.0, "percent_covered_display": "0.00", "missing_lines": 1, "excluded_lines": 0}, "missing_lines": [191], "excluded_lines": []}, "_construct_message_modify_params": {"executed_lines": [219, 221, 223, 224, 226, 232, 233, 235, 246], "summary": {"covered_lines": 9, "num_statements": 12, "percent_covered": 75.0, "percent_covered_display": "75.00", "missing_lines": 3, "excluded_lines": 0}, "missing_lines": [228, 229, 230], "excluded_lines": []}, "create_message": {"executed_lines": [282, 283, 285, 286, 299, 300, 301, 302, 303], "summary": {"covered_lines": 9, "num_statements": 9, "percent_covered": 100.0, "percent_covered_display": "100.00", "missing_lines": 0, "excluded_lines": 0}, "missing_lines": [], "excluded_lines": []}, "create_message_async": {"executed_lines": [339, 340, 342, 343, 356, 357, 358, 359, 360], "summary": {"covered_lines": 9, "num_statements": 9, "percent_covered": 100.0, "percent_covered_display": "100.00", "missing_lines": 0, "excluded_lines": 0}, "missing_lines": [], "excluded_lines": []}, "_construct_message_create_params": {"executed_lines": [375, 378], "summary": {"covered_lines": 2, "num_statements": 3, "percent_covered": 66.66666666666667, "percent_covered_display": "66.67", "missing_lines": 1, "excluded_lines": 0}, "missing_lines": [376], "excluded_lines": []}, "get_selection_from_history": {"executed_lines": [397, 398, 399, 401, 402, 403, 408, 410], "summary": {"covered_lines": 8, "num_statements": 8, "percent_covered": 100.0, "percent_covered_display": "100.00", "missing_lines": 0, "excluded_lines": 0}, "missing_lines": [], "excluded_lines": []}, "map_to_chat_messages": {"executed_lines": [417], "summary": {"covered_lines": 1, "num_statements": 1, "percent_covered": 100.0, "percent_covered_display": "100.00", "missing_lines": 0, "excluded_lines": 0}, "missing_lines": [], "excluded_lines": []}, "pick_messages_in_reverse_for_token_window": {"executed_lines": [424, 425, 427, 428, 429, 430, 433, 434, 435, 437, 438, 441, 442, 444, 445], "summary": {"covered_lines": 15, "num_statements": 15, "percent_covered": 100.0, "percent_covered_display": "100.00", "missing_lines": 0, "excluded_lines": 0}, "missing_lines": [], "excluded_lines": []}, "list_messages": {"executed_lines": [453, 454, 459, 460, 461, 462], "summary": {"covered_lines": 6, "num_statements": 6, "percent_covered": 100.0, "percent_covered_display": "100.00", "missing_lines": 0, "excluded_lines": 0}, "missing_lines": [], "excluded_lines": []}, "list_messages_async": {"executed_lines": [470, 471, 476, 477, 478, 479], "summary": {"covered_lines": 6, "num_statements": 6, "percent_covered": 100.0, "percent_covered_display": "100.00", "missing_lines": 0, "excluded_lines": 0}, "missing_lines": [], "excluded_lines": []}, "get_full_history": {"executed_lines": [487, 488, 490], "summary": {"covered_lines": 3, "num_statements": 3, "percent_covered": 100.0, "percent_covered_display": "100.00", "missing_lines": 0, "excluded_lines": 0}, "missing_lines": [], "excluded_lines": []}, "get_full_history_async": {"executed_lines": [498, 503, 505], "summary": {"covered_lines": 3, "num_statements": 3, "percent_covered": 100.0, "percent_covered_display": "100.00", "missing_lines": 0, "excluded_lines": 0}, "missing_lines": [], "excluded_lines": []}, "filter_valid_messages": {"executed_lines": [511, 514, 515, 516, 517, 518, 519, 521], "summary": {"covered_lines": 8, "num_statements": 8, "percent_covered": 100.0, "percent_covered_display": "100.00", "missing_lines": 0, "excluded_lines": 0}, "missing_lines": [], "excluded_lines": []}, "create_message_assessment": {"executed_lines": [555, 556, 567], "summary": {"covered_lines": 3, "num_statements": 6, "percent_covered": 50.0, "percent_covered_display": "50.00", "missing_lines": 3, "excluded_lines": 0}, "missing_lines": [568, 569, 570], "excluded_lines": []}, "create_message_assessment_async": {"executed_lines": [604, 605, 616], "summary": {"covered_lines": 3, "num_statements": 6, "percent_covered": 50.0, "percent_covered_display": "50.00", "missing_lines": 3, "excluded_lines": 0}, "missing_lines": [617, 618, 619], "excluded_lines": []}, "modify_message_assessment": {"executed_lines": [651, 652, 662], "summary": {"covered_lines": 3, "num_statements": 6, "percent_covered": 50.0, "percent_covered_display": "50.00", "missing_lines": 3, "excluded_lines": 0}, "missing_lines": [663, 664, 665], "excluded_lines": []}, "modify_message_assessment_async": {"executed_lines": [697, 698, 708], "summary": {"covered_lines": 3, "num_statements": 6, "percent_covered": 50.0, "percent_covered_display": "50.00", "missing_lines": 3, "excluded_lines": 0}, "missing_lines": [709, 710, 711], "excluded_lines": []}, "stream_complete_to_chat": {"executed_lines": [732], "summary": {"covered_lines": 1, "num_statements": 1, "percent_covered": 100.0, "percent_covered_display": "100.00", "missing_lines": 0, "excluded_lines": 0}, "missing_lines": [], "excluded_lines": []}, "stream_complete_with_references": {"executed_lines": [791, 802, 803, 818], "summary": {"covered_lines": 4, "num_statements": 7, "percent_covered": 57.142857142857146, "percent_covered_display": "57.14", "missing_lines": 3, "excluded_lines": 0}, "missing_lines": [819, 820, 821], "excluded_lines": []}, "stream_complete_to_chat_async": {"executed_lines": [842], "summary": {"covered_lines": 1, "num_statements": 1, "percent_covered": 100.0, "percent_covered_display": "100.00", "missing_lines": 0, "excluded_lines": 0}, "missing_lines": [], "excluded_lines": []}, "stream_complete_with_references_async": {"executed_lines": [886, 897, 898, 913, 914, 915, 916], "summary": {"covered_lines": 7, "num_statements": 7, "percent_covered": 100.0, "percent_covered_display": "100.00", "missing_lines": 0, "excluded_lines": 0}, "missing_lines": [], "excluded_lines": []}, "create_message_log": {"executed_lines": [], "summary": {"covered_lines": 0, "num_statements": 6, "percent_covered": 0.0, "percent_covered_display": "0.00", "missing_lines": 6, "excluded_lines": 0}, "missing_lines": [950, 951, 966, 967, 968, 969], "excluded_lines": []}, "create_message_log_async": {"executed_lines": [], "summary": {"covered_lines": 0, "num_statements": 6, "percent_covered": 0.0, "percent_covered_display": "0.00", "missing_lines": 6, "excluded_lines": 0}, "missing_lines": [1003, 1004, 1019, 1020, 1021, 1022], "excluded_lines": []}, "update_message_log": {"executed_lines": [], "summary": {"covered_lines": 0, "num_statements": 6, "percent_covered": 0.0, "percent_covered_display": "0.00", "missing_lines": 6, "excluded_lines": 0}, "missing_lines": [1056, 1057, 1072, 1073, 1074, 1075], "excluded_lines": []}, "update_message_log_async": {"executed_lines": [], "summary": {"covered_lines": 0, "num_statements": 6, "percent_covered": 0.0, "percent_covered_display": "0.00", "missing_lines": 6, "excluded_lines": 0}, "missing_lines": [1109, 1110, 1125, 1126, 1127, 1128], "excluded_lines": []}, "create_message_execution": {"executed_lines": [], "summary": {"covered_lines": 0, "num_statements": 6, "percent_covered": 0.0, "percent_covered_display": "0.00", "missing_lines": 6, "excluded_lines": 0}, "missing_lines": [1158, 1159, 1168, 1169, 1170, 1171], "excluded_lines": []}, "create_message_execution_async": {"executed_lines": [], "summary": {"covered_lines": 0, "num_statements": 6, "percent_covered": 0.0, "percent_covered_display": "0.00", "missing_lines": 6, "excluded_lines": 0}, "missing_lines": [1201, 1202, 1211, 1212, 1213, 1214], "excluded_lines": []}, "get_message_execution": {"executed_lines": [], "summary": {"covered_lines": 0, "num_statements": 6, "percent_covered": 0.0, "percent_covered_display": "0.00", "missing_lines": 6, "excluded_lines": 0}, "missing_lines": [1236, 1237, 1242, 1243, 1244, 1245], "excluded_lines": []}, "get_message_execution_async": {"executed_lines": [], "summary": {"covered_lines": 0, "num_statements": 6, "percent_covered": 0.0, "percent_covered_display": "0.00", "missing_lines": 6, "excluded_lines": 0}, "missing_lines": [1267, 1268, 1273, 1274, 1275, 1276], "excluded_lines": []}, "update_message_execution": {"executed_lines": [], "summary": {"covered_lines": 0, "num_statements": 6, "percent_covered": 0.0, "percent_covered_display": "0.00", "missing_lines": 6, "excluded_lines": 0}, "missing_lines": [1304, 1305, 1313, 1314, 1315, 1316], "excluded_lines": []}, "update_message_execution_async": {"executed_lines": [], "summary": {"covered_lines": 0, "num_statements": 6, "percent_covered": 0.0, "percent_covered_display": "0.00", "missing_lines": 6, "excluded_lines": 0}, "missing_lines": [1344, 1345, 1353, 1354, 1355, 1356], "excluded_lines": []}, "": {"executed_lines": [1, 2, 3, 5, 6, 7, 9, 10, 11, 26, 27, 28, 32, 36, 37, 44, 47, 109, 171, 184, 204, 249, 306, 363, 392, 416, 420, 448, 465, 482, 493, 508, 524, 573, 622, 668, 714, 715, 751, 824, 825, 861, 919, 972, 1025, 1078, 1131, 1174, 1217, 1248, 1279, 1319], "summary": {"covered_lines": 52, "num_statements": 52, "percent_covered": 100.0, "percent_covered_display": "100.00", "missing_lines": 0, "excluded_lines": 0}, "missing_lines": [], "excluded_lines": []}}, "classes": {"": {"executed_lines": [1, 2, 3, 5, 6, 7, 9, 10, 11, 26, 27, 28, 32, 36, 37, 44, 47, 86, 87, 102, 103, 104, 105, 106, 109, 148, 149, 164, 165, 166, 167, 168, 171, 172, 184, 204, 219, 221, 223, 224, 226, 232, 233, 235, 246, 249, 282, 283, 285, 286, 299, 300, 301, 302, 303, 306, 339, 340, 342, 343, 356, 357, 358, 359, 360, 363, 375, 378, 392, 397, 398, 399, 401, 402, 403, 408, 410, 416, 417, 420, 424, 425, 427, 428, 429, 430, 433, 434, 435, 437, 438, 441, 442, 444, 445, 448, 453, 454, 459, 460, 461, 462, 465, 470, 471, 476, 477, 478, 479, 482, 487, 488, 490, 493, 498, 503, 505, 508, 511, 514, 515, 516, 517, 518, 519, 521, 524, 555, 556, 567, 573, 604, 605, 616, 622, 651, 652, 662, 668, 697, 698, 708, 714, 715, 732, 751, 791, 802, 803, 818, 824, 825, 842, 861, 886, 897, 898, 913, 914, 915, 916, 919, 972, 1025, 1078, 1131, 1174, 1217, 1248, 1279, 1319], "summary": {"covered_lines": 171, "num_statements": 251, "percent_covered": 68.12749003984064, "percent_covered_display": "68.13", "missing_lines": 80, "excluded_lines": 0}, "missing_lines": [191, 228, 229, 230, 376, 568, 569, 570, 617, 618, 619, 663, 664, 665, 709, 710, 711, 819, 820, 821, 950, 951, 966, 967, 968, 969, 1003, 1004, 1019, 1020, 1021, 1022, 1056, 1057, 1072, 1073, 1074, 1075, 1109, 1110, 1125, 1126, 1127, 1128, 1158, 1159, 1168, 1169, 1170, 1171, 1201, 1202, 1211, 1212, 1213, 1214, 1236, 1237, 1242, 1243, 1244, 1245, 1267, 1268, 1273, 1274, 1275, 1276, 1304, 1305, 1313, 1314, 1315, 1316, 1344, 1345, 1353, 1354, 1355, 1356], "excluded_lines": []}}}, "unique_toolkit/chat/schemas.py": {"executed_lines": [1, 2, 3, 5, 6, 11, 14, 17, 25, 28, 34, 35, 36, 37, 40, 41, 43, 44, 46, 53, 54, 56, 57, 58, 60, 68, 71, 73, 74, 75, 76, 77, 78, 79, 80, 81, 82, 83, 84, 85, 86, 90, 91, 92, 95, 96, 97, 99, 101, 134, 135, 136, 137, 140, 141, 142, 143, 146, 147, 148, 151, 152, 154, 155, 156, 157, 158, 159, 160, 161, 162, 163, 164, 167, 168, 169, 170, 173, 174, 175, 176, 177, 180, 181, 184, 185, 186, 189, 190, 191, 194, 195, 196, 197, 200, 201, 202, 203, 208, 209, 211, 212, 213, 214, 215, 216, 217, 218, 219, 220, 223, 224, 226, 227, 228, 229, 230, 231, 232, 233], "summary": {"covered_lines": 120, "num_statements": 133, "percent_covered": 90.22556390977444, "percent_covered_display": "90.23", "missing_lines": 13, "excluded_lines": 0}, "missing_lines": [47, 61, 98, 102, 103, 104, 109, 110, 111, 120, 128, 130, 131], "excluded_lines": [], "functions": {"Function.to_openai": {"executed_lines": [], "summary": {"covered_lines": 0, "num_statements": 1, "percent_covered": 0.0, "percent_covered_display": "0.00", "missing_lines": 1, "excluded_lines": 0}, "missing_lines": [47], "excluded_lines": []}, "ToolCall.to_openai_param": {"executed_lines": [], "summary": {"covered_lines": 0, "num_statements": 1, "percent_covered": 0.0, "percent_covered_display": "0.00", "missing_lines": 1, "excluded_lines": 0}, "missing_lines": [61], "excluded_lines": []}, "ChatMessage.set_role": {"executed_lines": [92], "summary": {"covered_lines": 1, "num_statements": 1, "percent_covered": 100.0, "percent_covered_display": "100.00", "missing_lines": 0, "excluded_lines": 0}, "missing_lines": [], "excluded_lines": []}, "ChatMessage.check_tool_call_ids_for_tool_role": {"executed_lines": [97, 99], "summary": {"covered_lines": 2, "num_statements": 3, "percent_covered": 66.66666666666667, "percent_covered_display": "66.67", "missing_lines": 1, "excluded_lines": 0}, "missing_lines": [98], "excluded_lines": []}, "ChatMessage.to_openai_param": {"executed_lines": [], "summary": {"covered_lines": 0, "num_statements": 10, "percent_covered": 0.0, "percent_covered_display": "0.00", "missing_lines": 10, "excluded_lines": 0}, "missing_lines": [102, 103, 104, 109, 110, 111, 120, 128, 130, 131], "excluded_lines": []}, "": {"executed_lines": [1, 2, 3, 5, 6, 11, 14, 17, 25, 28, 34, 35, 36, 37, 40, 41, 43, 44, 46, 53, 54, 56, 57, 58, 60, 68, 71, 73, 74, 75, 76, 77, 78, 79, 80, 81, 82, 83, 84, 85, 86, 90, 91, 95, 96, 101, 134, 135, 136, 137, 140, 141, 142, 143, 146, 147, 148, 151, 152, 154, 155, 156, 157, 158, 159, 160, 161, 162, 163, 164, 167, 168, 169, 170, 173, 174, 175, 176, 177, 180, 181, 184, 185, 186, 189, 190, 191, 194, 195, 196, 197, 200, 201, 202, 203, 208, 209, 211, 212, 213, 214, 215, 216, 217, 218, 219, 220, 223, 224, 226, 227, 228, 229, 230, 231, 232, 233], "summary": {"covered_lines": 117, "num_statements": 117, "percent_covered": 100.0, "percent_covered_display": "100.00", "missing_lines": 0, "excluded_lines": 0}, "missing_lines": [], "excluded_lines": []}}, "classes": {"ChatMessageRole": {"executed_lines": [], "summary": {"covered_lines": 0, "num_statements": 0, "percent_covered": 100.0, "percent_covered_display": "100.00", "missing_lines": 0, "excluded_lines": 0}, "missing_lines": [], "excluded_lines": []}, "Function": {"executed_lines": [], "summary": {"covered_lines": 0, "num_statements": 1, "percent_covered": 0.0, "percent_covered_display": "0.00", "missing_lines": 1, "excluded_lines": 0}, "missing_lines": [47], "excluded_lines": []}, "ToolCall": {"executed_lines": [], "summary": {"covered_lines": 0, "num_statements": 1, "percent_covered": 0.0, "percent_covered_display": "0.00", "missing_lines": 1, "excluded_lines": 0}, "missing_lines": [61], "excluded_lines": []}, "ChatMessage": {"executed_lines": [92, 97, 99], "summary": {"covered_lines": 3, "num_statements": 14, "percent_covered": 21.428571428571427, "percent_covered_display": "21.43", "missing_lines": 11, "excluded_lines": 0}, "missing_lines": [98, 102, 103, 104, 109, 110, 111, 120, 128, 130, 131], "excluded_lines": []}, "ChatMessageAssessmentStatus": {"executed_lines": [], "summary": {"covered_lines": 0, "num_statements": 0, "percent_covered": 100.0, "percent_covered_display": "100.00", "missing_lines": 0, "excluded_lines": 0}, "missing_lines": [], "excluded_lines": []}, "ChatMessageAssessmentLabel": {"executed_lines": [], "summary": {"covered_lines": 0, "num_statements": 0, "percent_covered": 100.0, "percent_covered_display": "100.00", "missing_lines": 0, "excluded_lines": 0}, "missing_lines": [], "excluded_lines": []}, "ChatMessageAssessmentType": {"executed_lines": [], "summary": {"covered_lines": 0, "num_statements": 0, "percent_covered": 100.0, "percent_covered_display": "100.00", "missing_lines": 0, "excluded_lines": 0}, "missing_lines": [], "excluded_lines": []}, "ChatMessageAssessment": {"executed_lines": [], "summary": {"covered_lines": 0, "num_statements": 0, "percent_covered": 100.0, "percent_covered_display": "100.00", "missing_lines": 0, "excluded_lines": 0}, "missing_lines": [], "excluded_lines": []}, "MessageLogStatus": {"executed_lines": [], "summary": {"covered_lines": 0, "num_statements": 0, "percent_covered": 100.0, "percent_covered_display": "100.00", "missing_lines": 0, "excluded_lines": 0}, "missing_lines": [], "excluded_lines": []}, "MessageExecutionStatus": {"executed_lines": [], "summary": {"covered_lines": 0, "num_statements": 0, "percent_covered": 100.0, "percent_covered_display": "100.00", "missing_lines": 0, "excluded_lines": 0}, "missing_lines": [], "excluded_lines": []}, "MessageExecutionType": {"executed_lines": [], "summary": {"covered_lines": 0, "num_statements": 0, "percent_covered": 100.0, "percent_covered_display": "100.00", "missing_lines": 0, "excluded_lines": 0}, "missing_lines": [], "excluded_lines": []}, "MessageExecutionUpdateStatus": {"executed_lines": [], "summary": {"covered_lines": 0, "num_statements": 0, "percent_covered": 100.0, "percent_covered_display": "100.00", "missing_lines": 0, "excluded_lines": 0}, "missing_lines": [], "excluded_lines": []}, "MessageLogUncitedReferences": {"executed_lines": [], "summary": {"covered_lines": 0, "num_statements": 0, "percent_covered": 100.0, "percent_covered_display": "100.00", "missing_lines": 0, "excluded_lines": 0}, "missing_lines": [], "excluded_lines": []}, "MessageLogEvent": {"executed_lines": [], "summary": {"covered_lines": 0, "num_statements": 0, "percent_covered": 100.0, "percent_covered_display": "100.00", "missing_lines": 0, "excluded_lines": 0}, "missing_lines": [], "excluded_lines": []}, "MessageLogDetails": {"executed_lines": [], "summary": {"covered_lines": 0, "num_statements": 0, "percent_covered": 100.0, "percent_covered_display": "100.00", "missing_lines": 0, "excluded_lines": 0}, "missing_lines": [], "excluded_lines": []}, "MessageLog": {"executed_lines": [], "summary": {"covered_lines": 0, "num_statements": 0, "percent_covered": 100.0, "percent_covered_display": "100.00", "missing_lines": 0, "excluded_lines": 0}, "missing_lines": [], "excluded_lines": []}, "MessageExecution": {"executed_lines": [], "summary": {"covered_lines": 0, "num_statements": 0, "percent_covered": 100.0, "percent_covered_display": "100.00", "missing_lines": 0, "excluded_lines": 0}, "missing_lines": [], "excluded_lines": []}, "": {"executed_lines": [1, 2, 3, 5, 6, 11, 14, 17, 25, 28, 34, 35, 36, 37, 40, 41, 43, 44, 46, 53, 54, 56, 57, 58, 60, 68, 71, 73, 74, 75, 76, 77, 78, 79, 80, 81, 82, 83, 84, 85, 86, 90, 91, 95, 96, 101, 134, 135, 136, 137, 140, 141, 142, 143, 146, 147, 148, 151, 152, 154, 155, 156, 157, 158, 159, 160, 161, 162, 163, 164, 167, 168, 169, 170, 173, 174, 175, 176, 177, 180, 181, 184, 185, 186, 189, 190, 191, 194, 195, 196, 197, 200, 201, 202, 203, 208, 209, 211, 212, 213, 214, 215, 216, 217, 218, 219, 220, 223, 224, 226, 227, 228, 229, 230, 231, 232, 233], "summary": {"covered_lines": 117, "num_statements": 117, "percent_covered": 100.0, "percent_covered_display": "100.00", "missing_lines": 0, "excluded_lines": 0}, "missing_lines": [], "excluded_lines": []}}}, "unique_toolkit/chat/service.py": {"executed_lines": [1, 3, 4, 6, 7, 12, 35, 50, 51, 55, 58, 66, 71, 74, 75, 77, 78, 79, 80, 81, 82, 83, 84, 85, 87, 88, 91, 100, 101, 104, 111, 113, 114, 117, 126, 127, 130, 137, 139, 140, 143, 152, 153, 156, 163, 165, 166, 169, 178, 179, 182, 189, 191, 192, 195, 204, 205, 208, 215, 217, 218, 221, 230, 231, 234, 241, 243, 244, 247, 256, 257, 260, 267, 269, 270, 273, 282, 300, 301, 319, 337, 376, 415, 441, 457, 483, 499, 503, 519, 535, 555, 560, 566, 568, 588, 593, 599, 601, 625, 638, 639, 641, 665, 678, 679, 681, 682, 722, 762, 790, 802, 830, 842, 868, 879, 905, 916, 956, 996, 1036, 1076, 1114, 1152, 1184, 1216, 1238, 1260, 1291, 1322, 1351, 1380, 1394, 1410, 1439, 1468, 1469, 1481, 1493, 1506, 1524, 1550, 1551, 1564, 1576, 1588, 1606], "summary": {"covered_lines": 145, "num_statements": 189, "percent_covered": 76.71957671957672, "percent_covered_display": "76.72", "missing_lines": 44, "excluded_lines": 0}, "missing_lines": [98, 124, 150, 176, 202, 228, 254, 280, 289, 308, 326, 361, 400, 501, 513, 529, 706, 719, 720, 746, 759, 760, 944, 984, 1024, 1064, 1104, 1142, 1174, 1206, 1232, 1254, 1282, 1313, 1344, 1373, 1392, 1406, 1432, 1461, 1536, 1548, 1618, 1630], "excluded_lines": [], "functions": {"ChatService.__init__": {"executed_lines": [78, 79, 80, 81, 82, 83, 84, 85], "summary": {"covered_lines": 8, "num_statements": 8, "percent_covered": 100.0, "percent_covered_display": "100.00", "missing_lines": 0, "excluded_lines": 0}, "missing_lines": [], "excluded_lines": []}, "ChatService.event": {"executed_lines": [], "summary": {"covered_lines": 0, "num_statements": 1, "percent_covered": 0.0, "percent_covered_display": "0.00", "missing_lines": 1, "excluded_lines": 0}, "missing_lines": [98], "excluded_lines": []}, "ChatService.company_id": {"executed_lines": [], "summary": {"covered_lines": 0, "num_statements": 1, "percent_covered": 0.0, "percent_covered_display": "0.00", "missing_lines": 1, "excluded_lines": 0}, "missing_lines": [124], "excluded_lines": []}, "ChatService.user_id": {"executed_lines": [], "summary": {"covered_lines": 0, "num_statements": 1, "percent_covered": 0.0, "percent_covered_display": "0.00", "missing_lines": 1, "excluded_lines": 0}, "missing_lines": [150], "excluded_lines": []}, "ChatService.assistant_message_id": {"executed_lines": [], "summary": {"covered_lines": 0, "num_statements": 1, "percent_covered": 0.0, "percent_covered_display": "0.00", "missing_lines": 1, "excluded_lines": 0}, "missing_lines": [176], "excluded_lines": []}, "ChatService.user_message_id": {"executed_lines": [], "summary": {"covered_lines": 0, "num_statements": 1, "percent_covered": 0.0, "percent_covered_display": "0.00", "missing_lines": 1, "excluded_lines": 0}, "missing_lines": [202], "excluded_lines": []}, "ChatService.chat_id": {"executed_lines": [], "summary": {"covered_lines": 0, "num_statements": 1, "percent_covered": 0.0, "percent_covered_display": "0.00", "missing_lines": 1, "excluded_lines": 0}, "missing_lines": [228], "excluded_lines": []}, "ChatService.assistant_id": {"executed_lines": [], "summary": {"covered_lines": 0, "num_statements": 1, "percent_covered": 0.0, "percent_covered_display": "0.00", "missing_lines": 1, "excluded_lines": 0}, "missing_lines": [254], "excluded_lines": []}, "ChatService.user_message_text": {"executed_lines": [], "summary": {"covered_lines": 0, "num_statements": 1, "percent_covered": 0.0, "percent_covered_display": "0.00", "missing_lines": 1, "excluded_lines": 0}, "missing_lines": [280], "excluded_lines": []}, "ChatService.update_debug_info_async": {"executed_lines": [], "summary": {"covered_lines": 0, "num_statements": 1, "percent_covered": 0.0, "percent_covered_display": "0.00", "missing_lines": 1, "excluded_lines": 0}, "missing_lines": [289], "excluded_lines": []}, "ChatService.update_debug_info": {"executed_lines": [], "summary": {"covered_lines": 0, "num_statements": 1, "percent_covered": 0.0, "percent_covered_display": "0.00", "missing_lines": 1, "excluded_lines": 0}, "missing_lines": [308], "excluded_lines": []}, "ChatService.replace_debug_info": {"executed_lines": [], "summary": {"covered_lines": 0, "num_statements": 1, "percent_covered": 0.0, "percent_covered_display": "0.00", "missing_lines": 1, "excluded_lines": 0}, "missing_lines": [326], "excluded_lines": []}, "ChatService.modify_user_message": {"executed_lines": [], "summary": {"covered_lines": 0, "num_statements": 1, "percent_covered": 0.0, "percent_covered_display": "0.00", "missing_lines": 1, "excluded_lines": 0}, "missing_lines": [361], "excluded_lines": []}, "ChatService.modify_user_message_async": {"executed_lines": [], "summary": {"covered_lines": 0, "num_statements": 1, "percent_covered": 0.0, "percent_covered_display": "0.00", "missing_lines": 1, "excluded_lines": 0}, "missing_lines": [400], "excluded_lines": []}, "ChatService.modify_assistant_message": {"executed_lines": [441], "summary": {"covered_lines": 1, "num_statements": 1, "percent_covered": 100.0, "percent_covered_display": "100.00", "missing_lines": 0, "excluded_lines": 0}, "missing_lines": [], "excluded_lines": []}, "ChatService.modify_assistant_message_async": {"executed_lines": [483], "summary": {"covered_lines": 1, "num_statements": 1, "percent_covered": 100.0, "percent_covered_display": "100.00", "missing_lines": 0, "excluded_lines": 0}, "missing_lines": [], "excluded_lines": []}, "ChatService.free_user_input": {"executed_lines": [], "summary": {"covered_lines": 0, "num_statements": 1, "percent_covered": 0.0, "percent_covered_display": "0.00", "missing_lines": 1, "excluded_lines": 0}, "missing_lines": [501], "excluded_lines": []}, "ChatService.get_full_history": {"executed_lines": [], "summary": {"covered_lines": 0, "num_statements": 1, "percent_covered": 0.0, "percent_covered_display": "0.00", "missing_lines": 1, "excluded_lines": 0}, "missing_lines": [513], "excluded_lines": []}, "ChatService.get_full_history_async": {"executed_lines": [], "summary": {"covered_lines": 0, "num_statements": 1, "percent_covered": 0.0, "percent_covered_display": "0.00", "missing_lines": 1, "excluded_lines": 0}, "missing_lines": [529], "excluded_lines": []}, "ChatService.get_full_and_selected_history": {"executed_lines": [555, 560, 566], "summary": {"covered_lines": 3, "num_statements": 3, "percent_covered": 100.0, "percent_covered_display": "100.00", "missing_lines": 0, "excluded_lines": 0}, "missing_lines": [], "excluded_lines": []}, "ChatService.get_full_and_selected_history_async": {"executed_lines": [588, 593, 599], "summary": {"covered_lines": 3, "num_statements": 3, "percent_covered": 100.0, "percent_covered_display": "100.00", "missing_lines": 0, "excluded_lines": 0}, "missing_lines": [], "excluded_lines": []}, "ChatService.create_assistant_message": {"executed_lines": [625, 638, 639], "summary": {"covered_lines": 3, "num_statements": 3, "percent_covered": 100.0, "percent_covered_display": "100.00", "missing_lines": 0, "excluded_lines": 0}, "missing_lines": [], "excluded_lines": []}, "ChatService.create_assistant_message_async": {"executed_lines": [665, 678, 679], "summary": {"covered_lines": 3, "num_statements": 3, "percent_covered": 100.0, "percent_covered_display": "100.00", "missing_lines": 0, "excluded_lines": 0}, "missing_lines": [], "excluded_lines": []}, "ChatService.create_user_message": {"executed_lines": [], "summary": {"covered_lines": 0, "num_statements": 3, "percent_covered": 0.0, "percent_covered_display": "0.00", "missing_lines": 3, "excluded_lines": 0}, "missing_lines": [706, 719, 720], "excluded_lines": []}, "ChatService.create_user_message_async": {"executed_lines": [], "summary": {"covered_lines": 0, "num_statements": 3, "percent_covered": 0.0, "percent_covered_display": "0.00", "missing_lines": 3, "excluded_lines": 0}, "missing_lines": [746, 759, 760], "excluded_lines": []}, "ChatService.create_message_assessment": {"executed_lines": [790], "summary": {"covered_lines": 1, "num_statements": 1, "percent_covered": 100.0, "percent_covered_display": "100.00", "missing_lines": 0, "excluded_lines": 0}, "missing_lines": [], "excluded_lines": []}, "ChatService.create_message_assessment_async": {"executed_lines": [830], "summary": {"covered_lines": 1, "num_statements": 1, "percent_covered": 100.0, "percent_covered_display": "100.00", "missing_lines": 0, "excluded_lines": 0}, "missing_lines": [], "excluded_lines": []}, "ChatService.modify_message_assessment": {"executed_lines": [868], "summary": {"covered_lines": 1, "num_statements": 1, "percent_covered": 100.0, "percent_covered_display": "100.00", "missing_lines": 0, "excluded_lines": 0}, "missing_lines": [], "excluded_lines": []}, "ChatService.modify_message_assessment_async": {"executed_lines": [905], "summary": {"covered_lines": 1, "num_statements": 1, "percent_covered": 100.0, "percent_covered_display": "100.00", "missing_lines": 0, "excluded_lines": 0}, "missing_lines": [], "excluded_lines": []}, "ChatService.create_message_log": {"executed_lines": [], "summary": {"covered_lines": 0, "num_statements": 1, "percent_covered": 0.0, "percent_covered_display": "0.00", "missing_lines": 1, "excluded_lines": 0}, "missing_lines": [944], "excluded_lines": []}, "ChatService.create_message_log_async": {"executed_lines": [], "summary": {"covered_lines": 0, "num_statements": 1, "percent_covered": 0.0, "percent_covered_display": "0.00", "missing_lines": 1, "excluded_lines": 0}, "missing_lines": [984], "excluded_lines": []}, "ChatService.update_message_log": {"executed_lines": [], "summary": {"covered_lines": 0, "num_statements": 1, "percent_covered": 0.0, "percent_covered_display": "0.00", "missing_lines": 1, "excluded_lines": 0}, "missing_lines": [1024], "excluded_lines": []}, "ChatService.update_message_log_async": {"executed_lines": [], "summary": {"covered_lines": 0, "num_statements": 1, "percent_covered": 0.0, "percent_covered_display": "0.00", "missing_lines": 1, "excluded_lines": 0}, "missing_lines": [1064], "excluded_lines": []}, "ChatService.create_assistant_message_log": {"executed_lines": [], "summary": {"covered_lines": 0, "num_statements": 1, "percent_covered": 0.0, "percent_covered_display": "0.00", "missing_lines": 1, "excluded_lines": 0}, "missing_lines": [1104], "excluded_lines": []}, "ChatService.create_assistant_message_log_async": {"executed_lines": [], "summary": {"covered_lines": 0, "num_statements": 1, "percent_covered": 0.0, "percent_covered_display": "0.00", "missing_lines": 1, "excluded_lines": 0}, "missing_lines": [1142], "excluded_lines": []}, "ChatService.create_message_execution": {"executed_lines": [], "summary": {"covered_lines": 0, "num_statements": 1, "percent_covered": 0.0, "percent_covered_display": "0.00", "missing_lines": 1, "excluded_lines": 0}, "missing_lines": [1174], "excluded_lines": []}, "ChatService.create_message_execution_async": {"executed_lines": [], "summary": {"covered_lines": 0, "num_statements": 1, "percent_covered": 0.0, "percent_covered_display": "0.00", "missing_lines": 1, "excluded_lines": 0}, "missing_lines": [1206], "excluded_lines": []}, "ChatService.get_message_execution": {"executed_lines": [], "summary": {"covered_lines": 0, "num_statements": 1, "percent_covered": 0.0, "percent_covered_display": "0.00", "missing_lines": 1, "excluded_lines": 0}, "missing_lines": [1232], "excluded_lines": []}, "ChatService.get_message_execution_async": {"executed_lines": [], "summary": {"covered_lines": 0, "num_statements": 1, "percent_covered": 0.0, "percent_covered_display": "0.00", "missing_lines": 1, "excluded_lines": 0}, "missing_lines": [1254], "excluded_lines": []}, "ChatService.update_message_execution": {"executed_lines": [], "summary": {"covered_lines": 0, "num_statements": 1, "percent_covered": 0.0, "percent_covered_display": "0.00", "missing_lines": 1, "excluded_lines": 0}, "missing_lines": [1282], "excluded_lines": []}, "ChatService.update_message_execution_async": {"executed_lines": [], "summary": {"covered_lines": 0, "num_statements": 1, "percent_covered": 0.0, "percent_covered_display": "0.00", "missing_lines": 1, "excluded_lines": 0}, "missing_lines": [1313], "excluded_lines": []}, "ChatService.create_assistant_message_execution": {"executed_lines": [], "summary": {"covered_lines": 0, "num_statements": 1, "percent_covered": 0.0, "percent_covered_display": "0.00", "missing_lines": 1, "excluded_lines": 0}, "missing_lines": [1344], "excluded_lines": []}, "ChatService.create_assistant_message_execution_async": {"executed_lines": [], "summary": {"covered_lines": 0, "num_statements": 1, "percent_covered": 0.0, "percent_covered_display": "0.00", "missing_lines": 1, "excluded_lines": 0}, "missing_lines": [1373], "excluded_lines": []}, "ChatService.get_assistant_message_execution": {"executed_lines": [], "summary": {"covered_lines": 0, "num_statements": 1, "percent_covered": 0.0, "percent_covered_display": "0.00", "missing_lines": 1, "excluded_lines": 0}, "missing_lines": [1392], "excluded_lines": []}, "ChatService.get_assistant_message_execution_async": {"executed_lines": [], "summary": {"covered_lines": 0, "num_statements": 1, "percent_covered": 0.0, "percent_covered_display": "0.00", "missing_lines": 1, "excluded_lines": 0}, "missing_lines": [1406], "excluded_lines": []}, "ChatService.update_assistant_message_execution": {"executed_lines": [], "summary": {"covered_lines": 0, "num_statements": 1, "percent_covered": 0.0, "percent_covered_display": "0.00", "missing_lines": 1, "excluded_lines": 0}, "missing_lines": [1432], "excluded_lines": []}, "ChatService.update_assistant_message_execution_async": {"executed_lines": [], "summary": {"covered_lines": 0, "num_statements": 1, "percent_covered": 0.0, "percent_covered_display": "0.00", "missing_lines": 1, "excluded_lines": 0}, "missing_lines": [1461], "excluded_lines": []}, "ChatService.stream_complete": {"executed_lines": [1481], "summary": {"covered_lines": 1, "num_statements": 1, "percent_covered": 100.0, "percent_covered_display": "100.00", "missing_lines": 0, "excluded_lines": 0}, "missing_lines": [], "excluded_lines": []}, "ChatService.complete_with_references": {"executed_lines": [1506], "summary": {"covered_lines": 1, "num_statements": 1, "percent_covered": 100.0, "percent_covered_display": "100.00", "missing_lines": 0, "excluded_lines": 0}, "missing_lines": [], "excluded_lines": []}, "ChatService.complete": {"executed_lines": [], "summary": {"covered_lines": 0, "num_statements": 2, "percent_covered": 0.0, "percent_covered_display": "0.00", "missing_lines": 2, "excluded_lines": 0}, "missing_lines": [1536, 1548], "excluded_lines": []}, "ChatService.stream_complete_async": {"executed_lines": [1564], "summary": {"covered_lines": 1, "num_statements": 1, "percent_covered": 100.0, "percent_covered_display": "100.00", "missing_lines": 0, "excluded_lines": 0}, "missing_lines": [], "excluded_lines": []}, "ChatService.complete_with_references_async": {"executed_lines": [1588], "summary": {"covered_lines": 1, "num_statements": 1, "percent_covered": 100.0, "percent_covered_display": "100.00", "missing_lines": 0, "excluded_lines": 0}, "missing_lines": [], "excluded_lines": []}, "ChatService.complete_async": {"executed_lines": [], "summary": {"covered_lines": 0, "num_statements": 2, "percent_covered": 0.0, "percent_covered_display": "0.00", "missing_lines": 2, "excluded_lines": 0}, "missing_lines": [1618, 1630], "excluded_lines": []}, "": {"executed_lines": [1, 3, 4, 6, 7, 12, 35, 50, 51, 55, 58, 66, 71, 74, 75, 77, 87, 88, 91, 100, 101, 104, 113, 114, 117, 126, 127, 130, 139, 140, 143, 152, 153, 156, 165, 166, 169, 178, 179, 182, 191, 192, 195, 204, 205, 208, 217, 218, 221, 230, 231, 234, 243, 244, 247, 256, 257, 260, 269, 270, 273, 282, 300, 301, 319, 337, 376, 415, 457, 499, 503, 519, 535, 568, 601, 641, 681, 682, 722, 762, 802, 842, 879, 916, 956, 996, 1036, 1076, 1114, 1152, 1184, 1216, 1238, 1260, 1291, 1322, 1351, 1380, 1394, 1410, 1439, 1468, 1469, 1493, 1524, 1550, 1551, 1576, 1606], "summary": {"covered_lines": 108, "num_statements": 108, "percent_covered": 100.0, "percent_covered_display": "100.00", "missing_lines": 0, "excluded_lines": 0}, "missing_lines": [], "excluded_lines": []}}, "classes": {"ChatService": {"executed_lines": [78, 79, 80, 81, 82, 83, 84, 85, 111, 137, 163, 189, 215, 241, 267, 441, 483, 555, 560, 566, 588, 593, 599, 625, 638, 639, 665, 678, 679, 790, 830, 868, 905, 1481, 1506, 1564, 1588], "summary": {"covered_lines": 37, "num_statements": 81, "percent_covered": 45.67901234567901, "percent_covered_display": "45.68", "missing_lines": 44, "excluded_lines": 0}, "missing_lines": [98, 124, 150, 176, 202, 228, 254, 280, 289, 308, 326, 361, 400, 501, 513, 529, 706, 719, 720, 746, 759, 760, 944, 984, 1024, 1064, 1104, 1142, 1174, 1206, 1232, 1254, 1282, 1313, 1344, 1373, 1392, 1406, 14
[...]
": {"executed_lines": [], "summary": {"covered_lines": 0, "num_statements": 1, "percent_covered": 0.0, "percent_covered_display": "0.00", "missing_lines": 1, "excluded_lines": 0}, "missing_lines": [31], "excluded_lines": []}, "ToolManagerConfig": {"executed_lines": [], "summary": {"covered_lines": 0, "num_statements": 0, "percent_covered": 100.0, "percent_covered_display": "100.00", "missing_lines": 0, "excluded_lines": 0}, "missing_lines": [], "excluded_lines": []}, "ToolManager": {"executed_lines": [], "summary": {"covered_lines": 0, "num_statements": 90, "percent_covered": 0.0, "percent_covered_display": "0.00", "missing_lines": 90, "excluded_lines": 0}, "missing_lines": [77, 78, 79, 80, 81, 82, 84, 85, 86, 87, 90, 91, 92, 93, 94, 96, 101, 113, 115, 117, 118, 119, 120, 121, 122, 123, 124, 125, 126, 128, 131, 134, 137, 140, 141, 142, 143, 146, 153, 154, 155, 156, 157, 162, 165, 168, 169, 170, 171, 172, 178, 180, 183, 185, 186, 195, 197, 198, 204, 206, 211, 220, 221, 222, 223, 226, 228, 233, 235, 239, 241, 244, 245, 247, 249, 258, 259, 264, 265, 266, 271, 281, 283, 284, 285, 287, 288, 289, 292, 295], "excluded_lines": []}, "": {"executed_lines": [], "summary": {"covered_lines": 0, "num_statements": 40, "percent_covered": 0.0, "percent_covered_display": "0.00", "missing_lines": 40, "excluded_lines": 0}, "missing_lines": [1, 2, 3, 5, 7, 8, 9, 14, 15, 16, 17, 18, 19, 20, 21, 24, 27, 28, 30, 34, 35, 40, 47, 68, 89, 130, 133, 136, 139, 145, 152, 159, 164, 167, 174, 200, 230, 255, 273, 294], "excluded_lines": []}}}, "unique_toolkit/tools/tool_progress_reporter.py": {"executed_lines": [], "summary": {"covered_lines": 0, "num_statements": 89, "percent_covered": 0.0, "percent_covered_display": "0.00", "missing_lines": 89, "excluded_lines": 0}, "missing_lines": [1, 2, 3, 4, 5, 7, 9, 10, 11, 16, 17, 20, 21, 22, 23, 24, 27, 28, 29, 30, 31, 32, 35, 36, 37, 38, 39, 40, 42, 43, 44, 46, 47, 48, 50, 51, 52, 54, 57, 58, 60, 84, 85, 91, 94, 96, 97, 98, 99, 100, 101, 102, 103, 104, 106, 108, 113, 114, 115, 117, 119, 120, 121, 123, 125, 126, 129, 130, 131, 134, 135, 138, 166, 167, 168, 175, 177, 185, 190, 198, 200, 202, 209, 211, 213, 216, 217, 218, 219], "excluded_lines": [], "functions": {"ToolProgressReporter.__init__": {"executed_lines": [], "summary": {"covered_lines": 0, "num_statements": 4, "percent_covered": 0.0, "percent_covered_display": "0.00", "missing_lines": 4, "excluded_lines": 0}, "missing_lines": [37, 38, 39, 40], "excluded_lines": []}, "ToolProgressReporter.requires_new_assistant_message": {"executed_lines": [], "summary": {"covered_lines": 0, "num_statements": 1, "percent_covered": 0.0, "percent_covered_display": "0.00", "missing_lines": 1, "excluded_lines": 0}, "missing_lines": [48], "excluded_lines": []}, "ToolProgressReporter.tool_statuses_is_empty": {"executed_lines": [], "summary": {"covered_lines": 0, "num_statements": 1, "percent_covered": 0.0, "percent_covered_display": "0.00", "missing_lines": 1, "excluded_lines": 0}, "missing_lines": [52], "excluded_lines": []}, "ToolProgressReporter.empty_tool_statuses_if_stream_has_text": {"executed_lines": [], "summary": {"covered_lines": 0, "num_statements": 2, "percent_covered": 0.0, "percent_covered_display": "0.00", "missing_lines": 2, "excluded_lines": 0}, "missing_lines": [57, 58], "excluded_lines": []}, "ToolProgressReporter.notify_from_tool_call": {"executed_lines": [], "summary": {"covered_lines": 0, "num_statements": 4, "percent_covered": 0.0, "percent_covered_display": "0.00", "missing_lines": 4, "excluded_lines": 0}, "missing_lines": [84, 85, 91, 94], "excluded_lines": []}, "ToolProgressReporter.publish": {"executed_lines": [], "summary": {"covered_lines": 0, "num_statements": 10, "percent_covered": 0.0, "percent_covered_display": "0.00", "missing_lines": 10, "excluded_lines": 0}, "missing_lines": [97, 98, 99, 100, 101, 102, 103, 104, 106, 108], "excluded_lines": []}, "ToolProgressReporter._replace_placeholders": {"executed_lines": [], "summary": {"covered_lines": 0, "num_statements": 3, "percent_covered": 0.0, "percent_covered_display": "0.00", "missing_lines": 3, "excluded_lines": 0}, "missing_lines": [115, 117, 123], "excluded_lines": []}, "ToolProgressReporter._replace_placeholders.replace_match": {"executed_lines": [], "summary": {"covered_lines": 0, "num_statements": 3, "percent_covered": 0.0, "percent_covered_display": "0.00", "missing_lines": 3, "excluded_lines": 0}, "missing_lines": [119, 120, 121], "excluded_lines": []}, "ToolProgressReporter._correct_reference_sequence": {"executed_lines": [], "summary": {"covered_lines": 0, "num_statements": 3, "percent_covered": 0.0, "percent_covered_display": "0.00", "missing_lines": 3, "excluded_lines": 0}, "missing_lines": [129, 130, 131], "excluded_lines": []}, "track_tool_progress": {"executed_lines": [], "summary": {"covered_lines": 0, "num_statements": 3, "percent_covered": 0.0, "percent_covered_display": "0.00", "missing_lines": 3, "excluded_lines": 0}, "missing_lines": [166, 167, 213], "excluded_lines": []}, "track_tool_progress.decorator": {"executed_lines": [], "summary": {"covered_lines": 0, "num_statements": 2, "percent_covered": 0.0, "percent_covered_display": "0.00", "missing_lines": 2, "excluded_lines": 0}, "missing_lines": [168, 211], "excluded_lines": []}, "track_tool_progress.decorator.async_wrapper": {"executed_lines": [], "summary": {"covered_lines": 0, "num_statements": 8, "percent_covered": 0.0, "percent_covered_display": "0.00", "missing_lines": 8, "excluded_lines": 0}, "missing_lines": [175, 177, 185, 190, 198, 200, 202, 209], "excluded_lines": []}, "_get_references_from_results": {"executed_lines": [], "summary": {"covered_lines": 0, "num_statements": 3, "percent_covered": 0.0, "percent_covered_display": "0.00", "missing_lines": 3, "excluded_lines": 0}, "missing_lines": [217, 218, 219], "excluded_lines": []}, "": {"executed_lines": [], "summary": {"covered_lines": 0, "num_statements": 41, "percent_covered": 0.0, "percent_covered_display": "0.00", "missing_lines": 41, "excluded_lines": 0}, "missing_lines": [1, 2, 3, 4, 5, 7, 9, 10, 11, 16, 17, 20, 21, 22, 23, 24, 27, 28, 29, 30, 31, 32, 35, 36, 42, 43, 46, 47, 50, 51, 54, 60, 96, 113, 114, 125, 126, 134, 135, 138, 216], "excluded_lines": []}}, "classes": {"ProgressState": {"executed_lines": [], "summary": {"covered_lines": 0, "num_statements": 0, "percent_covered": 100.0, "percent_covered_display": "100.00", "missing_lines": 0, "excluded_lines": 0}, "missing_lines": [], "excluded_lines": []}, "ToolExecutionStatus": {"executed_lines": [], "summary": {"covered_lines": 0, "num_statements": 0, "percent_covered": 100.0, "percent_covered_display": "100.00", "missing_lines": 0, "excluded_lines": 0}, "missing_lines": [], "excluded_lines": []}, "ToolProgressReporter": {"executed_lines": [], "summary": {"covered_lines": 0, "num_statements": 32, "percent_covered": 0.0, "percent_covered_display": "0.00", "missing_lines": 32, "excluded_lines": 0}, "missing_lines": [37, 38, 39, 40, 44, 48, 52, 57, 58, 84, 85, 91, 94, 97, 98, 99, 100, 101, 102, 103, 104, 106, 108, 115, 117, 119, 120, 121, 123, 129, 130, 131], "excluded_lines": []}, "ToolWithToolProgressReporter": {"executed_lines": [], "summary": {"covered_lines": 0, "num_statements": 0, "percent_covered": 100.0, "percent_covered_display": "100.00", "missing_lines": 0, "excluded_lines": 0}, "missing_lines": [], "excluded_lines": []}, "": {"executed_lines": [], "summary": {"covered_lines": 0, "num_statements": 57, "percent_covered": 0.0, "percent_covered_display": "0.00", "missing_lines": 57, "excluded_lines": 0}, "missing_lines": [1, 2, 3, 4, 5, 7, 9, 10, 11, 16, 17, 20, 21, 22, 23, 24, 27, 28, 29, 30, 31, 32, 35, 36, 42, 43, 46, 47, 50, 51, 54, 60, 96, 113, 114, 125, 126, 134, 135, 138, 166, 167, 168, 175, 177, 185, 190, 198, 200, 202, 209, 211, 213, 216, 217, 218, 219], "excluded_lines": []}}}, "unique_toolkit/tools/utils/__init__.py": {"executed_lines": [], "summary": {"covered_lines": 0, "num_statements": 0, "percent_covered": 100.0, "percent_covered_display": "100.00", "missing_lines": 0, "excluded_lines": 0}, "missing_lines": [], "excluded_lines": [], "functions": {"": {"executed_lines": [], "summary": {"covered_lines": 0, "num_statements": 0, "percent_covered": 100.0, "percent_covered_display": "100.00", "missing_lines": 0, "excluded_lines": 0}, "missing_lines": [], "excluded_lines": []}}, "classes": {"": {"executed_lines": [], "summary": {"covered_lines": 0, "num_statements": 0, "percent_covered": 100.0, "percent_covered_display": "100.00", "missing_lines": 0, "excluded_lines": 0}, "missing_lines": [], "excluded_lines": []}}}, "unique_toolkit/tools/utils/execution/__init__.py": {"executed_lines": [], "summary": {"covered_lines": 0, "num_statements": 0, "percent_covered": 100.0, "percent_covered_display": "100.00", "missing_lines": 0, "excluded_lines": 0}, "missing_lines": [], "excluded_lines": [], "functions": {"": {"executed_lines": [], "summary": {"covered_lines": 0, "num_statements": 0, "percent_covered": 100.0, "percent_covered_display": "100.00", "missing_lines": 0, "excluded_lines": 0}, "missing_lines": [], "excluded_lines": []}}, "classes": {"": {"executed_lines": [], "summary": {"covered_lines": 0, "num_statements": 0, "percent_covered": 100.0, "percent_covered_display": "100.00", "missing_lines": 0, "excluded_lines": 0}, "missing_lines": [], "excluded_lines": []}}}, "unique_toolkit/tools/utils/execution/execution.py": {"executed_lines": [], "summary": {"covered_lines": 0, "num_statements": 69, "percent_covered": 0.0, "percent_covered_display": "0.00", "missing_lines": 69, "excluded_lines": 0}, "missing_lines": [1, 2, 3, 15, 16, 19, 22, 23, 29, 30, 31, 33, 34, 35, 37, 38, 39, 41, 42, 44, 45, 52, 78, 86, 87, 88, 89, 90, 92, 95, 96, 97, 98, 99, 100, 101, 102, 104, 107, 108, 109, 110, 111, 112, 113, 114, 117, 164, 167, 173, 176, 179, 210, 211, 219, 220, 221, 222, 224, 226, 229, 262, 265, 273, 274, 277, 278, 280, 282], "excluded_lines": [], "functions": {"Result.__init__": {"executed_lines": [], "summary": {"covered_lines": 0, "num_statements": 3, "percent_covered": 0.0, "percent_covered_display": "0.00", "missing_lines": 3, "excluded_lines": 0}, "missing_lines": [29, 30, 31], "excluded_lines": []}, "Result.exception": {"executed_lines": [], "summary": {"covered_lines": 0, "num_statements": 1, "percent_covered": 0.0, "percent_covered_display": "0.00", "missing_lines": 1, "excluded_lines": 0}, "missing_lines": [35], "excluded_lines": []}, "Result.success": {"executed_lines": [], "summary": {"covered_lines": 0, "num_statements": 1, "percent_covered": 0.0, "percent_covered_display": "0.00", "missing_lines": 1, "excluded_lines": 0}, "missing_lines": [39], "excluded_lines": []}, "Result.unpack": {"executed_lines": [], "summary": {"covered_lines": 0, "num_statements": 1, "percent_covered": 0.0, "percent_covered_display": "0.00", "missing_lines": 1, "excluded_lines": 0}, "missing_lines": [42], "excluded_lines": []}, "Result.__str__": {"executed_lines": [], "summary": {"covered_lines": 0, "num_statements": 1, "percent_covered": 0.0, "percent_covered_display": "0.00", "missing_lines": 1, "excluded_lines": 0}, "missing_lines": [45], "excluded_lines": []}, "SafeTaskExecutor.__init__": {"executed_lines": [], "summary": {"covered_lines": 0, "num_statements": 5, "percent_covered": 0.0, "percent_covered_display": "0.00", "missing_lines": 5, "excluded_lines": 0}, "missing_lines": [86, 87, 88, 89, 90], "excluded_lines": []}, "SafeTaskExecutor.execute": {"executed_lines": [], "summary": {"covered_lines": 0, "num_statements": 8, "percent_covered": 0.0, "percent_covered_display": "0.00", "missing_lines": 8, "excluded_lines": 0}, "missing_lines": [95, 96, 97, 98, 99, 100, 101, 102], "excluded_lines": []}, "SafeTaskExecutor.execute_async": {"executed_lines": [], "summary": {"covered_lines": 0, "num_statements": 8, "percent_covered": 0.0, "percent_covered_display": "0.00", "missing_lines": 8, "excluded_lines": 0}, "missing_lines": [107, 108, 109, 110, 111, 112, 113, 114], "excluded_lines": []}, "safe_execute": {"executed_lines": [], "summary": {"covered_lines": 0, "num_statements": 1, "percent_covered": 0.0, "percent_covered_display": "0.00", "missing_lines": 1, "excluded_lines": 0}, "missing_lines": [164], "excluded_lines": []}, "safe_execute_async": {"executed_lines": [], "summary": {"covered_lines": 0, "num_statements": 1, "percent_covered": 0.0, "percent_covered_display": "0.00", "missing_lines": 1, "excluded_lines": 0}, "missing_lines": [173], "excluded_lines": []}, "failsafe": {"executed_lines": [], "summary": {"covered_lines": 0, "num_statements": 2, "percent_covered": 0.0, "percent_covered_display": "0.00", "missing_lines": 2, "excluded_lines": 0}, "missing_lines": [210, 226], "excluded_lines": []}, "failsafe.decorator": {"executed_lines": [], "summary": {"covered_lines": 0, "num_statements": 4, "percent_covered": 0.0, "percent_covered_display": "0.00", "missing_lines": 4, "excluded_lines": 0}, "missing_lines": [211, 219, 220, 224], "excluded_lines": []}, "failsafe.decorator.sync_wrapper": {"executed_lines": [], "summary": {"covered_lines": 0, "num_statements": 2, "percent_covered": 0.0, "percent_covered_display": "0.00", "missing_lines": 2, "excluded_lines": 0}, "missing_lines": [221, 222], "excluded_lines": []}, "failsafe_async": {"executed_lines": [], "summary": {"covered_lines": 0, "num_statements": 2, "percent_covered": 0.0, "percent_covered_display": "0.00", "missing_lines": 2, "excluded_lines": 0}, "missing_lines": [262, 282], "excluded_lines": []}, "failsafe_async.decorator": {"executed_lines": [], "summary": {"covered_lines": 0, "num_statements": 4, "percent_covered": 0.0, "percent_covered_display": "0.00", "missing_lines": 4, "excluded_lines": 0}, "missing_lines": [265, 273, 274, 280], "excluded_lines": []}, "failsafe_async.decorator.async_wrapper": {"executed_lines": [], "summary": {"covered_lines": 0, "num_statements": 2, "percent_covered": 0.0, "percent_covered_display": "0.00", "missing_lines": 2, "excluded_lines": 0}, "missing_lines": [277, 278], "excluded_lines": []}, "": {"executed_lines": [], "summary": {"covered_lines": 0, "num_statements": 23, "percent_covered": 0.0, "percent_covered_display": "0.00", "missing_lines": 23, "excluded_lines": 0}, "missing_lines": [1, 2, 3, 15, 16, 19, 22, 23, 33, 34, 37, 38, 41, 44, 52, 78, 92, 104, 117, 167, 176, 179, 229], "excluded_lines": []}}, "classes": {"Result": {"executed_lines": [], "summary": {"covered_lines": 0, "num_statements": 7, "percent_covered": 0.0, "percent_covered_display": "0.00", "missing_lines": 7, "excluded_lines": 0}, "missing_lines": [29, 30, 31, 35, 39, 42, 45], "excluded_lines": []}, "SafeTaskExecutor": {"executed_lines": [], "summary": {"covered_lines": 0, "num_statements": 21, "percent_covered": 0.0, "percent_covered_display": "0.00", "missing_lines": 21, "excluded_lines": 0}, "missing_lines": [86, 87, 88, 89, 90, 95, 96, 97, 98, 99, 100, 101, 102, 107, 108, 109, 110, 111, 112, 113, 114], "excluded_lines": []}, "": {"executed_lines": [], "summary": {"covered_lines": 0, "num_statements": 41, "percent_covered": 0.0, "percent_covered_display": "0.00", "missing_lines": 41, "excluded_lines": 0}, "missing_lines": [1, 2, 3, 15, 16, 19, 22, 23, 33, 34, 37, 38, 41, 44, 52, 78, 92, 104, 117, 164, 167, 173, 176, 179, 210, 211, 219, 220, 221, 222, 224, 226, 229, 262, 265, 273, 274, 277, 278, 280, 282], "excluded_lines": []}}}, "unique_toolkit/tools/utils/source_handling/__init__.py": {"executed_lines": [], "summary": {"covered_lines": 0, "num_statements": 0, "percent_covered": 100.0, "percent_covered_display": "100.00", "missing_lines": 0, "excluded_lines": 0}, "missing_lines": [], "excluded_lines": [], "functions": {"": {"executed_lines": [], "summary": {"covered_lines": 0, "num_statements": 0, "percent_covered": 100.0, "percent_covered_display": "100.00", "missing_lines": 0, "excluded_lines": 0}, "missing_lines": [], "excluded_lines": []}}, "classes": {"": {"executed_lines": [], "summary": {"covered_lines": 0, "num_statements": 0, "percent_covered": 100.0, "percent_covered_display": "100.00", "missing_lines": 0, "excluded_lines": 0}, "missing_lines": [], "excluded_lines": []}}}, "unique_toolkit/tools/utils/source_handling/schema.py": {"executed_lines": [], "summary": {"covered_lines": 0, "num_statements": 11, "percent_covered": 0.0, "percent_covered_display": "0.00", "missing_lines": 11, "excluded_lines": 0}, "missing_lines": [2, 4, 6, 7, 13, 14, 15, 16, 18, 19, 21], "excluded_lines": [], "functions": {"SourceFormatConfig.template_to_pattern": {"executed_lines": [], "summary": {"covered_lines": 0, "num_statements": 1, "percent_covered": 0.0, "percent_covered_display": "0.00", "missing_lines": 1, "excluded_lines": 0}, "missing_lines": [21], "excluded_lines": []}, "": {"executed_lines": [], "summary": {"covered_lines": 0, "num_statements": 10, "percent_covered": 0.0, "percent_covered_display": "0.00", "missing_lines": 10, "excluded_lines": 0}, "missing_lines": [2, 4, 6, 7, 13, 14, 15, 16, 18, 19], "excluded_lines": []}}, "classes": {"SourceFormatConfig": {"executed_lines": [], "summary": {"covered_lines": 0, "num_statements": 1, "percent_covered": 0.0, "percent_covered_display": "0.00", "missing_lines": 1, "excluded_lines": 0}, "missing_lines": [21], "excluded_lines": []}, "": {"executed_lines": [], "summary": {"covered_lines": 0, "num_statements": 10, "percent_covered": 0.0, "percent_covered_display": "0.00", "missing_lines": 10, "excluded_lines": 0}, "missing_lines": [2, 4, 6, 7, 13, 14, 15, 16, 18, 19], "excluded_lines": []}}}, "unique_toolkit/tools/utils/source_handling/source_formatting.py": {"executed_lines": [], "summary": {"covered_lines": 0, "num_statements": 42, "percent_covered": 0.0, "percent_covered_display": "0.00", "missing_lines": 42, "excluded_lines": 0}, "missing_lines": [1, 2, 4, 5, 8, 10, 16, 17, 24, 28, 29, 31, 33, 37, 38, 39, 40, 42, 43, 46, 142, 143, 145, 146, 149, 152, 155, 156, 157, 159, 162, 164, 167, 190, 191, 194, 197, 200, 203, 204, 205, 207], "excluded_lines": [], "functions": {"_format_page_range": {"executed_lines": [], "summary": {"covered_lines": 0, "num_statements": 3, "percent_covered": 0.0, "percent_covered_display": "0.00", "missing_lines": 3, "excluded_lines": 0}, "missing_lines": [10, 16, 17], "excluded_lines": []}, "_parse_chunk": {"executed_lines": [], "summary": {"covered_lines": 0, "num_statements": 10, "percent_covered": 0.0, "percent_covered_display": "0.00", "missing_lines": 10, "excluded_lines": 0}, "missing_lines": [28, 29, 31, 33, 37, 38, 39, 40, 42, 43], "excluded_lines": []}, "format_chunk": {"executed_lines": [], "summary": {"covered_lines": 0, "num_statements": 12, "percent_covered": 0.0, "percent_covered_display": "0.00", "missing_lines": 12, "excluded_lines": 0}, "missing_lines": [142, 143, 145, 146, 149, 152, 155, 156, 157, 159, 162, 164], "excluded_lines": []}, "_process_metadata": {"executed_lines": [], "summary": {"covered_lines": 0, "num_statements": 9, "percent_covered": 0.0, "percent_covered_display": "0.00", "missing_lines": 9, "excluded_lines": 0}, "missing_lines": [190, 191, 194, 197, 200, 203, 204, 205, 207], "excluded_lines": []}, "": {"executed_lines": [], "summary": {"covered_lines": 0, "num_statements": 8, "percent_covered": 0.0, "percent_covered_display": "0.00", "missing_lines": 8, "excluded_lines": 0}, "missing_lines": [1, 2, 4, 5, 8, 24, 46, 167], "excluded_lines": []}}, "classes": {"": {"executed_lines": [], "summary": {"covered_lines": 0, "num_statements": 42, "percent_covered": 0.0, "percent_covered_display": "0.00", "missing_lines": 42, "excluded_lines": 0}, "missing_lines": [1, 2, 4, 5, 8, 10, 16, 17, 24, 28, 29, 31, 33, 37, 38, 39, 40, 42, 43, 46, 142, 143, 145, 146, 149, 152, 155, 156, 157, 159, 162, 164, 167, 190, 191, 194, 197, 200, 203, 204, 205, 207], "excluded_lines": []}}}}, "totals": {"covered_lines": 2369, "num_statements": 4133, "percent_covered": 57.31913864021292, "percent_covered_display": "57.32", "missing_lines": 1764, "excluded_lines": 0}}